{"E:\\GA 16\\Project Final\\GITLAB\\be_lektur\\server.js": {"path":"E:\\GA 16\\Project Final\\GITLAB\\be_lektur\\server.js","statementMap":{"0":{"start":{"line":1,"column":16},"end":{"line":1,"column":34}},"1":{"start":{"line":2,"column":12},"end":{"line":2,"column":21}},"2":{"start":{"line":3,"column":13},"end":{"line":3,"column":28}},"3":{"start":{"line":4,"column":13},"end":{"line":4,"column":37}},"4":{"start":{"line":5,"column":15},"end":{"line":5,"column":34}},"5":{"start":{"line":6,"column":0},"end":{"line":6,"column":27}},"6":{"start":{"line":8,"column":0},"end":{"line":8,"column":16}},"7":{"start":{"line":9,"column":0},"end":{"line":9,"column":24}},"8":{"start":{"line":10,"column":0},"end":{"line":10,"column":48}},"9":{"start":{"line":12,"column":0},"end":{"line":16,"column":3}},"10":{"start":{"line":13,"column":2},"end":{"line":15,"column":5}},"11":{"start":{"line":18,"column":0},"end":{"line":18,"column":27}},"12":{"start":{"line":20,"column":0},"end":{"line":20,"column":51}},"13":{"start":{"line":22,"column":0},"end":{"line":22,"column":21}}},"fnMap":{"0":{"name":"(anonymous_0)","decl":{"start":{"line":12,"column":13},"end":{"line":12,"column":14}},"loc":{"start":{"line":12,"column":33},"end":{"line":16,"column":1}},"line":12}},"branchMap":{"0":{"loc":{"start":{"line":4,"column":13},"end":{"line":4,"column":37}},"type":"binary-expr","locations":[{"start":{"line":4,"column":13},"end":{"line":4,"column":29}},{"start":{"line":4,"column":33},"end":{"line":4,"column":37}}],"line":4}},"s":{"0":1,"1":1,"2":1,"3":1,"4":1,"5":1,"6":1,"7":1,"8":1,"9":1,"10":0,"11":1,"12":1,"13":1},"f":{"0":0},"b":{"0":[1,1]},"_coverageSchema":"1a1c01bbd47fc00a2c39e90264f33305004495a9","hash":"7eb82ebcbd920104fcb8bbd25d6b5a869ba9f0ca"}
,"E:\\GA 16\\Project Final\\GITLAB\\be_lektur\\config\\cloudinary.js": {"path":"E:\\GA 16\\Project Final\\GITLAB\\be_lektur\\config\\cloudinary.js","statementMap":{"0":{"start":{"line":1,"column":19},"end":{"line":1,"column":43}},"1":{"start":{"line":2,"column":0},"end":{"line":2,"column":27}},"2":{"start":{"line":4,"column":0},"end":{"line":8,"column":3}},"3":{"start":{"line":10,"column":0},"end":{"line":10,"column":28}}},"fnMap":{},"branchMap":{},"s":{"0":1,"1":1,"2":1,"3":1},"f":{},"b":{},"_coverageSchema":"1a1c01bbd47fc00a2c39e90264f33305004495a9","hash":"15a90ac198a39f3c6c34bd778cefc680e0904c20"}
,"E:\\GA 16\\Project Final\\GITLAB\\be_lektur\\config\\config.js": {"path":"E:\\GA 16\\Project Final\\GITLAB\\be_lektur\\config\\config.js","statementMap":{"0":{"start":{"line":1,"column":0},"end":{"line":1,"column":27}},"1":{"start":{"line":2,"column":0},"end":{"line":27,"column":2}}},"fnMap":{},"branchMap":{},"s":{"0":1,"1":1},"f":{},"b":{},"_coverageSchema":"1a1c01bbd47fc00a2c39e90264f33305004495a9","hash":"5da7e74de691f1476b74173a622eef3a15034303"}
,"E:\\GA 16\\Project Final\\GITLAB\\be_lektur\\config\\passport.js": {"path":"E:\\GA 16\\Project Final\\GITLAB\\be_lektur\\config\\passport.js","statementMap":{"0":{"start":{"line":1,"column":17},"end":{"line":1,"column":36}},"1":{"start":{"line":2,"column":23},"end":{"line":2,"column":66}},"2":{"start":{"line":3,"column":25},"end":{"line":3,"column":62}},"3":{"start":{"line":5,"column":0},"end":{"line":7,"column":3}},"4":{"start":{"line":6,"column":2},"end":{"line":6,"column":19}},"5":{"start":{"line":8,"column":0},"end":{"line":10,"column":3}},"6":{"start":{"line":9,"column":2},"end":{"line":9,"column":19}},"7":{"start":{"line":12,"column":0},"end":{"line":24,"column":2}},"8":{"start":{"line":21,"column":6},"end":{"line":21,"column":31}},"9":{"start":{"line":26,"column":0},"end":{"line":38,"column":2}},"10":{"start":{"line":35,"column":6},"end":{"line":35,"column":31}},"11":{"start":{"line":40,"column":0},"end":{"line":40,"column":26}}},"fnMap":{"0":{"name":"(anonymous_0)","decl":{"start":{"line":5,"column":23},"end":{"line":5,"column":24}},"loc":{"start":{"line":5,"column":39},"end":{"line":7,"column":1}},"line":5},"1":{"name":"(anonymous_1)","decl":{"start":{"line":8,"column":25},"end":{"line":8,"column":26}},"loc":{"start":{"line":8,"column":41},"end":{"line":10,"column":1}},"line":8},"2":{"name":"(anonymous_2)","decl":{"start":{"line":20,"column":4},"end":{"line":20,"column":5}},"loc":{"start":{"line":20,"column":54},"end":{"line":22,"column":5}},"line":20},"3":{"name":"(anonymous_3)","decl":{"start":{"line":34,"column":4},"end":{"line":34,"column":5}},"loc":{"start":{"line":34,"column":54},"end":{"line":36,"column":5}},"line":34}},"branchMap":{},"s":{"0":1,"1":1,"2":1,"3":1,"4":0,"5":1,"6":0,"7":1,"8":0,"9":1,"10":0,"11":1},"f":{"0":0,"1":0,"2":0,"3":0},"b":{},"_coverageSchema":"1a1c01bbd47fc00a2c39e90264f33305004495a9","hash":"5f7055b8f8a42c05e840d5702e437f57a831f87e"}
,"E:\\GA 16\\Project Final\\GITLAB\\be_lektur\\controllers\\appointment.js": {"path":"E:\\GA 16\\Project Final\\GITLAB\\be_lektur\\controllers\\appointment.js","statementMap":{"0":{"start":{"line":11,"column":4},"end":{"line":11,"column":24}},"1":{"start":{"line":12,"column":21},"end":{"line":12,"column":56}},"2":{"start":{"line":13,"column":12},"end":{"line":13,"column":55}},"3":{"start":{"line":15,"column":0},"end":{"line":146,"column":2}},"4":{"start":{"line":17,"column":4},"end":{"line":29,"column":5}},"5":{"start":{"line":18,"column":19},"end":{"line":18,"column":27}},"6":{"start":{"line":19,"column":21},"end":{"line":19,"column":78}},"7":{"start":{"line":20,"column":6},"end":{"line":25,"column":7}},"8":{"start":{"line":21,"column":8},"end":{"line":24,"column":11}},"9":{"start":{"line":26,"column":6},"end":{"line":26,"column":35}},"10":{"start":{"line":28,"column":6},"end":{"line":28,"column":31}},"11":{"start":{"line":33,"column":17},"end":{"line":33,"column":25}},"12":{"start":{"line":34,"column":17},"end":{"line":34,"column":25}},"13":{"start":{"line":35,"column":4},"end":{"line":144,"column":5}},"14":{"start":{"line":36,"column":21},"end":{"line":46,"column":8}},"15":{"start":{"line":47,"column":24},"end":{"line":57,"column":8}},"16":{"start":{"line":58,"column":6},"end":{"line":64,"column":7}},"17":{"start":{"line":59,"column":8},"end":{"line":63,"column":11}},"18":{"start":{"line":66,"column":27},"end":{"line":68,"column":8}},"19":{"start":{"line":70,"column":26},"end":{"line":72,"column":8}},"20":{"start":{"line":74,"column":23},"end":{"line":79,"column":8}},"21":{"start":{"line":81,"column":32},"end":{"line":86,"column":8}},"22":{"start":{"line":87,"column":6},"end":{"line":91,"column":11}},"23":{"start":{"line":88,"column":8},"end":{"line":91,"column":11}},"24":{"start":{"line":93,"column":21},"end":{"line":105,"column":8}},"25":{"start":{"line":107,"column":16},"end":{"line":107,"column":30}},"26":{"start":{"line":108,"column":16},"end":{"line":108,"column":22}},"27":{"start":{"line":109,"column":16},"end":{"line":109,"column":63}},"28":{"start":{"line":110,"column":17},"end":{"line":110,"column":28}},"29":{"start":{"line":111,"column":6},"end":{"line":111,"column":71}},"30":{"start":{"line":113,"column":6},"end":{"line":116,"column":8}},"31":{"start":{"line":118,"column":22},"end":{"line":118,"column":79}},"32":{"start":{"line":119,"column":24},"end":{"line":119,"column":50}},"33":{"start":{"line":119,"column":44},"end":{"line":119,"column":49}},"34":{"start":{"line":120,"column":37},"end":{"line":120,"column":39}},"35":{"start":{"line":121,"column":6},"end":{"line":126,"column":7}},"36":{"start":{"line":121,"column":19},"end":{"line":121,"column":20}},"37":{"start":{"line":122,"column":8},"end":{"line":125,"column":11}},"38":{"start":{"line":127,"column":6},"end":{"line":127,"column":70}},"39":{"start":{"line":129,"column":20},"end":{"line":129,"column":73}},"40":{"start":{"line":130,"column":22},"end":{"line":130,"column":52}},"41":{"start":{"line":130,"column":46},"end":{"line":130,"column":51}},"42":{"start":{"line":131,"column":35},"end":{"line":131,"column":37}},"43":{"start":{"line":132,"column":6},"end":{"line":137,"column":7}},"44":{"start":{"line":132,"column":19},"end":{"line":132,"column":20}},"45":{"start":{"line":133,"column":8},"end":{"line":136,"column":11}},"46":{"start":{"line":138,"column":6},"end":{"line":138,"column":66}},"47":{"start":{"line":140,"column":21},"end":{"line":140,"column":76}},"48":{"start":{"line":141,"column":6},"end":{"line":141,"column":35}},"49":{"start":{"line":143,"column":6},"end":{"line":143,"column":31}}},"fnMap":{"0":{"name":"(anonymous_0)","decl":{"start":{"line":16,"column":10},"end":{"line":16,"column":11}},"loc":{"start":{"line":16,"column":30},"end":{"line":30,"column":3}},"line":16},"1":{"name":"(anonymous_1)","decl":{"start":{"line":32,"column":10},"end":{"line":32,"column":11}},"loc":{"start":{"line":32,"column":30},"end":{"line":145,"column":3}},"line":32},"2":{"name":"(anonymous_2)","decl":{"start":{"line":119,"column":36},"end":{"line":119,"column":37}},"loc":{"start":{"line":119,"column":44},"end":{"line":119,"column":49}},"line":119},"3":{"name":"(anonymous_3)","decl":{"start":{"line":130,"column":38},"end":{"line":130,"column":39}},"loc":{"start":{"line":130,"column":46},"end":{"line":130,"column":51}},"line":130}},"branchMap":{"0":{"loc":{"start":{"line":20,"column":6},"end":{"line":25,"column":7}},"type":"if","locations":[{"start":{"line":20,"column":6},"end":{"line":25,"column":7}},{"start":{},"end":{}}],"line":20},"1":{"loc":{"start":{"line":58,"column":6},"end":{"line":64,"column":7}},"type":"if","locations":[{"start":{"line":58,"column":6},"end":{"line":64,"column":7}},{"start":{},"end":{}}],"line":58},"2":{"loc":{"start":{"line":87,"column":6},"end":{"line":91,"column":11}},"type":"if","locations":[{"start":{"line":87,"column":6},"end":{"line":91,"column":11}},{"start":{},"end":{}}],"line":87}},"s":{"0":1,"1":1,"2":1,"3":1,"4":0,"5":0,"6":0,"7":0,"8":0,"9":0,"10":0,"11":0,"12":0,"13":0,"14":0,"15":0,"16":0,"17":0,"18":0,"19":0,"20":0,"21":0,"22":0,"23":0,"24":0,"25":0,"26":0,"27":0,"28":0,"29":0,"30":0,"31":0,"32":0,"33":0,"34":0,"35":0,"36":0,"37":0,"38":0,"39":0,"40":0,"41":0,"42":0,"43":0,"44":0,"45":0,"46":0,"47":0,"48":0,"49":0},"f":{"0":0,"1":0,"2":0,"3":0},"b":{"0":[0,0],"1":[0,0],"2":[0,0]},"_coverageSchema":"1a1c01bbd47fc00a2c39e90264f33305004495a9","hash":"961165fef54717e1c827a7193463b2ba081ce846"}
,"E:\\GA 16\\Project Final\\GITLAB\\be_lektur\\controllers\\content.js": {"path":"E:\\GA 16\\Project Final\\GITLAB\\be_lektur\\controllers\\content.js","statementMap":{"0":{"start":{"line":7,"column":4},"end":{"line":7,"column":24}},"1":{"start":{"line":8,"column":21},"end":{"line":8,"column":56}},"2":{"start":{"line":9,"column":12},"end":{"line":9,"column":26}},"3":{"start":{"line":11,"column":0},"end":{"line":166,"column":2}},"4":{"start":{"line":13,"column":4},"end":{"line":18,"column":5}},"5":{"start":{"line":14,"column":21},"end":{"line":14,"column":48}},"6":{"start":{"line":15,"column":6},"end":{"line":15,"column":35}},"7":{"start":{"line":17,"column":6},"end":{"line":17,"column":31}},"8":{"start":{"line":22,"column":17},"end":{"line":22,"column":25}},"9":{"start":{"line":23,"column":4},"end":{"line":40,"column":5}},"10":{"start":{"line":24,"column":21},"end":{"line":24,"column":73}},"11":{"start":{"line":25,"column":24},"end":{"line":25,"column":52}},"12":{"start":{"line":26,"column":6},"end":{"line":31,"column":7}},"13":{"start":{"line":27,"column":8},"end":{"line":30,"column":11}},"14":{"start":{"line":32,"column":21},"end":{"line":32,"column":73}},"15":{"start":{"line":33,"column":6},"end":{"line":37,"column":9}},"16":{"start":{"line":39,"column":6},"end":{"line":39,"column":31}},"17":{"start":{"line":44,"column":4},"end":{"line":49,"column":5}},"18":{"start":{"line":45,"column":21},"end":{"line":45,"column":49}},"19":{"start":{"line":46,"column":6},"end":{"line":46,"column":35}},"20":{"start":{"line":48,"column":6},"end":{"line":48,"column":31}},"21":{"start":{"line":53,"column":17},"end":{"line":53,"column":25}},"22":{"start":{"line":54,"column":4},"end":{"line":71,"column":5}},"23":{"start":{"line":55,"column":21},"end":{"line":55,"column":74}},"24":{"start":{"line":56,"column":24},"end":{"line":56,"column":52}},"25":{"start":{"line":57,"column":6},"end":{"line":62,"column":7}},"26":{"start":{"line":58,"column":8},"end":{"line":61,"column":11}},"27":{"start":{"line":63,"column":21},"end":{"line":63,"column":75}},"28":{"start":{"line":64,"column":6},"end":{"line":68,"column":9}},"29":{"start":{"line":70,"column":6},"end":{"line":70,"column":31}},"30":{"start":{"line":75,"column":4},"end":{"line":80,"column":5}},"31":{"start":{"line":76,"column":21},"end":{"line":76,"column":44}},"32":{"start":{"line":77,"column":6},"end":{"line":77,"column":35}},"33":{"start":{"line":79,"column":6},"end":{"line":79,"column":31}},"34":{"start":{"line":84,"column":17},"end":{"line":84,"column":25}},"35":{"start":{"line":85,"column":4},"end":{"line":102,"column":5}},"36":{"start":{"line":86,"column":21},"end":{"line":86,"column":69}},"37":{"start":{"line":87,"column":24},"end":{"line":87,"column":52}},"38":{"start":{"line":88,"column":6},"end":{"line":93,"column":7}},"39":{"start":{"line":89,"column":8},"end":{"line":92,"column":11}},"40":{"start":{"line":94,"column":21},"end":{"line":94,"column":65}},"41":{"start":{"line":95,"column":6},"end":{"line":99,"column":9}},"42":{"start":{"line":101,"column":6},"end":{"line":101,"column":31}},"43":{"start":{"line":106,"column":4},"end":{"line":111,"column":5}},"44":{"start":{"line":107,"column":21},"end":{"line":107,"column":42}},"45":{"start":{"line":108,"column":6},"end":{"line":108,"column":35}},"46":{"start":{"line":110,"column":6},"end":{"line":110,"column":31}},"47":{"start":{"line":115,"column":17},"end":{"line":115,"column":25}},"48":{"start":{"line":116,"column":4},"end":{"line":133,"column":5}},"49":{"start":{"line":117,"column":21},"end":{"line":117,"column":67}},"50":{"start":{"line":118,"column":24},"end":{"line":118,"column":52}},"51":{"start":{"line":119,"column":6},"end":{"line":124,"column":7}},"52":{"start":{"line":120,"column":8},"end":{"line":123,"column":11}},"53":{"start":{"line":125,"column":21},"end":{"line":125,"column":61}},"54":{"start":{"line":126,"column":6},"end":{"line":130,"column":9}},"55":{"start":{"line":132,"column":6},"end":{"line":132,"column":31}},"56":{"start":{"line":137,"column":4},"end":{"line":142,"column":5}},"57":{"start":{"line":138,"column":21},"end":{"line":138,"column":48}},"58":{"start":{"line":139,"column":6},"end":{"line":139,"column":35}},"59":{"start":{"line":141,"column":6},"end":{"line":141,"column":31}},"60":{"start":{"line":146,"column":17},"end":{"line":146,"column":25}},"61":{"start":{"line":147,"column":4},"end":{"line":164,"column":5}},"62":{"start":{"line":148,"column":21},"end":{"line":148,"column":73}},"63":{"start":{"line":149,"column":24},"end":{"line":149,"column":52}},"64":{"start":{"line":150,"column":6},"end":{"line":155,"column":7}},"65":{"start":{"line":151,"column":8},"end":{"line":154,"column":11}},"66":{"start":{"line":156,"column":21},"end":{"line":156,"column":73}},"67":{"start":{"line":157,"column":6},"end":{"line":161,"column":9}},"68":{"start":{"line":163,"column":6},"end":{"line":163,"column":31}}},"fnMap":{"0":{"name":"(anonymous_0)","decl":{"start":{"line":12,"column":18},"end":{"line":12,"column":19}},"loc":{"start":{"line":12,"column":38},"end":{"line":19,"column":3}},"line":12},"1":{"name":"(anonymous_1)","decl":{"start":{"line":21,"column":21},"end":{"line":21,"column":22}},"loc":{"start":{"line":21,"column":41},"end":{"line":41,"column":3}},"line":21},"2":{"name":"(anonymous_2)","decl":{"start":{"line":43,"column":19},"end":{"line":43,"column":20}},"loc":{"start":{"line":43,"column":39},"end":{"line":50,"column":3}},"line":43},"3":{"name":"(anonymous_3)","decl":{"start":{"line":52,"column":22},"end":{"line":52,"column":23}},"loc":{"start":{"line":52,"column":42},"end":{"line":72,"column":3}},"line":52},"4":{"name":"(anonymous_4)","decl":{"start":{"line":74,"column":14},"end":{"line":74,"column":15}},"loc":{"start":{"line":74,"column":34},"end":{"line":81,"column":3}},"line":74},"5":{"name":"(anonymous_5)","decl":{"start":{"line":83,"column":17},"end":{"line":83,"column":18}},"loc":{"start":{"line":83,"column":37},"end":{"line":103,"column":3}},"line":83},"6":{"name":"(anonymous_6)","decl":{"start":{"line":105,"column":12},"end":{"line":105,"column":13}},"loc":{"start":{"line":105,"column":32},"end":{"line":112,"column":3}},"line":105},"7":{"name":"(anonymous_7)","decl":{"start":{"line":114,"column":15},"end":{"line":114,"column":16}},"loc":{"start":{"line":114,"column":35},"end":{"line":134,"column":3}},"line":114},"8":{"name":"(anonymous_8)","decl":{"start":{"line":136,"column":18},"end":{"line":136,"column":19}},"loc":{"start":{"line":136,"column":38},"end":{"line":143,"column":3}},"line":136},"9":{"name":"(anonymous_9)","decl":{"start":{"line":145,"column":21},"end":{"line":145,"column":22}},"loc":{"start":{"line":145,"column":41},"end":{"line":165,"column":3}},"line":145}},"branchMap":{"0":{"loc":{"start":{"line":26,"column":6},"end":{"line":31,"column":7}},"type":"if","locations":[{"start":{"line":26,"column":6},"end":{"line":31,"column":7}},{"start":{},"end":{}}],"line":26},"1":{"loc":{"start":{"line":57,"column":6},"end":{"line":62,"column":7}},"type":"if","locations":[{"start":{"line":57,"column":6},"end":{"line":62,"column":7}},{"start":{},"end":{}}],"line":57},"2":{"loc":{"start":{"line":88,"column":6},"end":{"line":93,"column":7}},"type":"if","locations":[{"start":{"line":88,"column":6},"end":{"line":93,"column":7}},{"start":{},"end":{}}],"line":88},"3":{"loc":{"start":{"line":119,"column":6},"end":{"line":124,"column":7}},"type":"if","locations":[{"start":{"line":119,"column":6},"end":{"line":124,"column":7}},{"start":{},"end":{}}],"line":119},"4":{"loc":{"start":{"line":150,"column":6},"end":{"line":155,"column":7}},"type":"if","locations":[{"start":{"line":150,"column":6},"end":{"line":155,"column":7}},{"start":{},"end":{}}],"line":150}},"s":{"0":1,"1":1,"2":1,"3":1,"4":0,"5":0,"6":0,"7":0,"8":0,"9":0,"10":0,"11":0,"12":0,"13":0,"14":0,"15":0,"16":0,"17":0,"18":0,"19":0,"20":0,"21":0,"22":0,"23":0,"24":0,"25":0,"26":0,"27":0,"28":0,"29":0,"30":0,"31":0,"32":0,"33":0,"34":0,"35":0,"36":0,"37":0,"38":0,"39":0,"40":0,"41":0,"42":0,"43":0,"44":0,"45":0,"46":0,"47":0,"48":0,"49":0,"50":0,"51":0,"52":0,"53":0,"54":0,"55":0,"56":0,"57":0,"58":0,"59":0,"60":0,"61":0,"62":0,"63":0,"64":0,"65":0,"66":0,"67":0,"68":0},"f":{"0":0,"1":0,"2":0,"3":0,"4":0,"5":0,"6":0,"7":0,"8":0,"9":0},"b":{"0":[0,0],"1":[0,0],"2":[0,0],"3":[0,0],"4":[0,0]},"_coverageSchema":"1a1c01bbd47fc00a2c39e90264f33305004495a9","hash":"7972b9a22b791251b8f3e7ea0b6395a886989b46"}
,"E:\\GA 16\\Project Final\\GITLAB\\be_lektur\\controllers\\favorite.js": {"path":"E:\\GA 16\\Project Final\\GITLAB\\be_lektur\\controllers\\favorite.js","statementMap":{"0":{"start":{"line":1,"column":31},"end":{"line":1,"column":51}},"1":{"start":{"line":2,"column":21},"end":{"line":2,"column":56}},"2":{"start":{"line":4,"column":0},"end":{"line":78,"column":2}},"3":{"start":{"line":6,"column":19},"end":{"line":6,"column":29}},"4":{"start":{"line":7,"column":4},"end":{"line":33,"column":5}},"5":{"start":{"line":9,"column":19},"end":{"line":28,"column":8}},"6":{"start":{"line":30,"column":6},"end":{"line":30,"column":33}},"7":{"start":{"line":32,"column":6},"end":{"line":32,"column":31}},"8":{"start":{"line":36,"column":27},"end":{"line":36,"column":37}},"9":{"start":{"line":37,"column":19},"end":{"line":37,"column":30}},"10":{"start":{"line":38,"column":4},"end":{"line":55,"column":5}},"11":{"start":{"line":39,"column":27},"end":{"line":44,"column":8}},"12":{"start":{"line":45,"column":6},"end":{"line":50,"column":7}},"13":{"start":{"line":46,"column":8},"end":{"line":49,"column":11}},"14":{"start":{"line":51,"column":23},"end":{"line":51,"column":68}},"15":{"start":{"line":52,"column":6},"end":{"line":52,"column":41}},"16":{"start":{"line":54,"column":6},"end":{"line":54,"column":31}},"17":{"start":{"line":58,"column":27},"end":{"line":58,"column":37}},"18":{"start":{"line":59,"column":19},"end":{"line":59,"column":30}},"19":{"start":{"line":60,"column":4},"end":{"line":76,"column":5}},"20":{"start":{"line":61,"column":24},"end":{"line":63,"column":8}},"21":{"start":{"line":64,"column":6},"end":{"line":69,"column":7}},"22":{"start":{"line":65,"column":8},"end":{"line":68,"column":11}},"23":{"start":{"line":70,"column":6},"end":{"line":73,"column":9}},"24":{"start":{"line":75,"column":6},"end":{"line":75,"column":31}}},"fnMap":{"0":{"name":"(anonymous_0)","decl":{"start":{"line":5,"column":26},"end":{"line":5,"column":27}},"loc":{"start":{"line":5,"column":46},"end":{"line":34,"column":3}},"line":5},"1":{"name":"(anonymous_1)","decl":{"start":{"line":35,"column":18},"end":{"line":35,"column":19}},"loc":{"start":{"line":35,"column":38},"end":{"line":56,"column":3}},"line":35},"2":{"name":"(anonymous_2)","decl":{"start":{"line":57,"column":18},"end":{"line":57,"column":19}},"loc":{"start":{"line":57,"column":38},"end":{"line":77,"column":3}},"line":57}},"branchMap":{"0":{"loc":{"start":{"line":45,"column":6},"end":{"line":50,"column":7}},"type":"if","locations":[{"start":{"line":45,"column":6},"end":{"line":50,"column":7}},{"start":{},"end":{}}],"line":45},"1":{"loc":{"start":{"line":64,"column":6},"end":{"line":69,"column":7}},"type":"if","locations":[{"start":{"line":64,"column":6},"end":{"line":69,"column":7}},{"start":{},"end":{}}],"line":64}},"s":{"0":1,"1":1,"2":1,"3":0,"4":0,"5":0,"6":0,"7":0,"8":0,"9":0,"10":0,"11":0,"12":0,"13":0,"14":0,"15":0,"16":0,"17":0,"18":0,"19":0,"20":0,"21":0,"22":0,"23":0,"24":0},"f":{"0":0,"1":0,"2":0},"b":{"0":[0,0],"1":[0,0]},"_coverageSchema":"1a1c01bbd47fc00a2c39e90264f33305004495a9","hash":"5612e48f6a71ec7d475491bb6875fa1d4d28bc24"}
,"E:\\GA 16\\Project Final\\GITLAB\\be_lektur\\controllers\\overview.js": {"path":"E:\\GA 16\\Project Final\\GITLAB\\be_lektur\\controllers\\overview.js","statementMap":{"0":{"start":{"line":2,"column":21},"end":{"line":2,"column":56}},"1":{"start":{"line":11,"column":4},"end":{"line":11,"column":24}},"2":{"start":{"line":12,"column":15},"end":{"line":12,"column":35}},"3":{"start":{"line":13,"column":15},"end":{"line":13,"column":32}},"4":{"start":{"line":15,"column":0},"end":{"line":149,"column":2}},"5":{"start":{"line":17,"column":4},"end":{"line":79,"column":5}},"6":{"start":{"line":18,"column":18},"end":{"line":18,"column":61}},"7":{"start":{"line":19,"column":16},"end":{"line":19,"column":72}},"8":{"start":{"line":20,"column":18},"end":{"line":20,"column":57}},"9":{"start":{"line":21,"column":18},"end":{"line":21,"column":72}},"10":{"start":{"line":22,"column":17},"end":{"line":22,"column":71}},"11":{"start":{"line":24,"column":17},"end":{"line":58,"column":8}},"12":{"start":{"line":60,"column":6},"end":{"line":60,"column":46}},"13":{"start":{"line":62,"column":24},"end":{"line":62,"column":71}},"14":{"start":{"line":62,"column":43},"end":{"line":62,"column":70}},"15":{"start":{"line":63,"column":24},"end":{"line":63,"column":71}},"16":{"start":{"line":63,"column":43},"end":{"line":63,"column":70}},"17":{"start":{"line":64,"column":23},"end":{"line":64,"column":69}},"18":{"start":{"line":64,"column":42},"end":{"line":64,"column":68}},"19":{"start":{"line":66,"column":6},"end":{"line":66,"column":28}},"20":{"start":{"line":67,"column":6},"end":{"line":67,"column":28}},"21":{"start":{"line":68,"column":6},"end":{"line":68,"column":27}},"22":{"start":{"line":69,"column":6},"end":{"line":69,"column":44}},"23":{"start":{"line":70,"column":6},"end":{"line":70,"column":44}},"24":{"start":{"line":71,"column":6},"end":{"line":71,"column":42}},"25":{"start":{"line":72,"column":6},"end":{"line":76,"column":9}},"26":{"start":{"line":78,"column":6},"end":{"line":78,"column":31}},"27":{"start":{"line":82,"column":4},"end":{"line":113,"column":5}},"28":{"start":{"line":83,"column":18},"end":{"line":83,"column":62}},"29":{"start":{"line":84,"column":16},"end":{"line":84,"column":58}},"30":{"start":{"line":86,"column":17},"end":{"line":92,"column":8}},"31":{"start":{"line":94,"column":6},"end":{"line":94,"column":46}},"32":{"start":{"line":95,"column":25},"end":{"line":95,"column":60}},"33":{"start":{"line":95,"column":44},"end":{"line":95,"column":59}},"34":{"start":{"line":96,"column":28},"end":{"line":96,"column":62}},"35":{"start":{"line":96,"column":47},"end":{"line":96,"column":61}},"36":{"start":{"line":97,"column":23},"end":{"line":97,"column":57}},"37":{"start":{"line":97,"column":42},"end":{"line":97,"column":56}},"38":{"start":{"line":98,"column":34},"end":{"line":98,"column":68}},"39":{"start":{"line":98,"column":53},"end":{"line":98,"column":67}},"40":{"start":{"line":99,"column":29},"end":{"line":105,"column":7}},"41":{"start":{"line":106,"column":6},"end":{"line":110,"column":9}},"42":{"start":{"line":112,"column":6},"end":{"line":112,"column":31}},"43":{"start":{"line":116,"column":4},"end":{"line":147,"column":5}},"44":{"start":{"line":117,"column":18},"end":{"line":117,"column":62}},"45":{"start":{"line":118,"column":16},"end":{"line":118,"column":58}},"46":{"start":{"line":120,"column":17},"end":{"line":126,"column":8}},"47":{"start":{"line":128,"column":6},"end":{"line":128,"column":46}},"48":{"start":{"line":129,"column":25},"end":{"line":129,"column":60}},"49":{"start":{"line":129,"column":44},"end":{"line":129,"column":59}},"50":{"start":{"line":130,"column":26},"end":{"line":130,"column":60}},"51":{"start":{"line":130,"column":45},"end":{"line":130,"column":59}},"52":{"start":{"line":131,"column":28},"end":{"line":131,"column":62}},"53":{"start":{"line":131,"column":47},"end":{"line":131,"column":61}},"54":{"start":{"line":132,"column":33},"end":{"line":132,"column":67}},"55":{"start":{"line":132,"column":52},"end":{"line":132,"column":66}},"56":{"start":{"line":133,"column":25},"end":{"line":139,"column":7}},"57":{"start":{"line":140,"column":6},"end":{"line":144,"column":9}},"58":{"start":{"line":146,"column":6},"end":{"line":146,"column":31}}},"fnMap":{"0":{"name":"(anonymous_0)","decl":{"start":{"line":16,"column":21},"end":{"line":16,"column":22}},"loc":{"start":{"line":16,"column":41},"end":{"line":80,"column":3}},"line":16},"1":{"name":"(anonymous_1)","decl":{"start":{"line":62,"column":36},"end":{"line":62,"column":37}},"loc":{"start":{"line":62,"column":43},"end":{"line":62,"column":70}},"line":62},"2":{"name":"(anonymous_2)","decl":{"start":{"line":63,"column":36},"end":{"line":63,"column":37}},"loc":{"start":{"line":63,"column":43},"end":{"line":63,"column":70}},"line":63},"3":{"name":"(anonymous_3)","decl":{"start":{"line":64,"column":35},"end":{"line":64,"column":36}},"loc":{"start":{"line":64,"column":42},"end":{"line":64,"column":68}},"line":64},"4":{"name":"(anonymous_4)","decl":{"start":{"line":81,"column":26},"end":{"line":81,"column":27}},"loc":{"start":{"line":81,"column":46},"end":{"line":114,"column":3}},"line":81},"5":{"name":"(anonymous_5)","decl":{"start":{"line":95,"column":37},"end":{"line":95,"column":38}},"loc":{"start":{"line":95,"column":44},"end":{"line":95,"column":59}},"line":95},"6":{"name":"(anonymous_6)","decl":{"start":{"line":96,"column":40},"end":{"line":96,"column":41}},"loc":{"start":{"line":96,"column":47},"end":{"line":96,"column":61}},"line":96},"7":{"name":"(anonymous_7)","decl":{"start":{"line":97,"column":35},"end":{"line":97,"column":36}},"loc":{"start":{"line":97,"column":42},"end":{"line":97,"column":56}},"line":97},"8":{"name":"(anonymous_8)","decl":{"start":{"line":98,"column":46},"end":{"line":98,"column":47}},"loc":{"start":{"line":98,"column":53},"end":{"line":98,"column":67}},"line":98},"9":{"name":"(anonymous_9)","decl":{"start":{"line":115,"column":22},"end":{"line":115,"column":23}},"loc":{"start":{"line":115,"column":42},"end":{"line":148,"column":3}},"line":115},"10":{"name":"(anonymous_10)","decl":{"start":{"line":129,"column":37},"end":{"line":129,"column":38}},"loc":{"start":{"line":129,"column":44},"end":{"line":129,"column":59}},"line":129},"11":{"name":"(anonymous_11)","decl":{"start":{"line":130,"column":38},"end":{"line":130,"column":39}},"loc":{"start":{"line":130,"column":45},"end":{"line":130,"column":59}},"line":130},"12":{"name":"(anonymous_12)","decl":{"start":{"line":131,"column":40},"end":{"line":131,"column":41}},"loc":{"start":{"line":131,"column":47},"end":{"line":131,"column":61}},"line":131},"13":{"name":"(anonymous_13)","decl":{"start":{"line":132,"column":45},"end":{"line":132,"column":46}},"loc":{"start":{"line":132,"column":52},"end":{"line":132,"column":66}},"line":132}},"branchMap":{},"s":{"0":1,"1":1,"2":1,"3":1,"4":1,"5":0,"6":0,"7":0,"8":0,"9":0,"10":0,"11":0,"12":0,"13":0,"14":0,"15":0,"16":0,"17":0,"18":0,"19":0,"20":0,"21":0,"22":0,"23":0,"24":0,"25":0,"26":0,"27":0,"28":0,"29":0,"30":0,"31":0,"32":0,"33":0,"34":0,"35":0,"36":0,"37":0,"38":0,"39":0,"40":0,"41":0,"42":0,"43":0,"44":0,"45":0,"46":0,"47":0,"48":0,"49":0,"50":0,"51":0,"52":0,"53":0,"54":0,"55":0,"56":0,"57":0,"58":0},"f":{"0":0,"1":0,"2":0,"3":0,"4":0,"5":0,"6":0,"7":0,"8":0,"9":0,"10":0,"11":0,"12":0,"13":0},"b":{},"_coverageSchema":"1a1c01bbd47fc00a2c39e90264f33305004495a9","hash":"15c5c12f723a2c11c7332a10b13fa497d3515956"}
,"E:\\GA 16\\Project Final\\GITLAB\\be_lektur\\controllers\\passportCont.js": {"path":"E:\\GA 16\\Project Final\\GITLAB\\be_lektur\\controllers\\passportCont.js","statementMap":{"0":{"start":{"line":1,"column":17},"end":{"line":1,"column":37}},"1":{"start":{"line":2,"column":26},"end":{"line":2,"column":51}},"2":{"start":{"line":3,"column":17},"end":{"line":3,"column":36}},"3":{"start":{"line":4,"column":21},"end":{"line":4,"column":56}},"4":{"start":{"line":6,"column":0},"end":{"line":61,"column":2}},"5":{"start":{"line":8,"column":20},"end":{"line":8,"column":34}},"6":{"start":{"line":11,"column":4},"end":{"line":32,"column":5}},"7":{"start":{"line":12,"column":6},"end":{"line":12,"column":69}},"8":{"start":{"line":14,"column":6},"end":{"line":21,"column":7}},"9":{"start":{"line":15,"column":8},"end":{"line":20,"column":11}},"10":{"start":{"line":23,"column":20},"end":{"line":26,"column":8}},"11":{"start":{"line":27,"column":6},"end":{"line":29,"column":8}},"12":{"start":{"line":31,"column":6},"end":{"line":31,"column":31}},"13":{"start":{"line":36,"column":20},"end":{"line":36,"column":34}},"14":{"start":{"line":38,"column":4},"end":{"line":59,"column":5}},"15":{"start":{"line":39,"column":6},"end":{"line":39,"column":66}},"16":{"start":{"line":40,"column":6},"end":{"line":40,"column":24}},"17":{"start":{"line":41,"column":6},"end":{"line":48,"column":7}},"18":{"start":{"line":42,"column":8},"end":{"line":47,"column":11}},"19":{"start":{"line":50,"column":20},"end":{"line":53,"column":8}},"20":{"start":{"line":54,"column":6},"end":{"line":56,"column":8}},"21":{"start":{"line":58,"column":6},"end":{"line":58,"column":31}}},"fnMap":{"0":{"name":"(anonymous_0)","decl":{"start":{"line":7,"column":18},"end":{"line":7,"column":19}},"loc":{"start":{"line":7,"column":38},"end":{"line":33,"column":3}},"line":7},"1":{"name":"(anonymous_1)","decl":{"start":{"line":35,"column":20},"end":{"line":35,"column":21}},"loc":{"start":{"line":35,"column":40},"end":{"line":60,"column":3}},"line":35}},"branchMap":{"0":{"loc":{"start":{"line":14,"column":6},"end":{"line":21,"column":7}},"type":"if","locations":[{"start":{"line":14,"column":6},"end":{"line":21,"column":7}},{"start":{},"end":{}}],"line":14},"1":{"loc":{"start":{"line":41,"column":6},"end":{"line":48,"column":7}},"type":"if","locations":[{"start":{"line":41,"column":6},"end":{"line":48,"column":7}},{"start":{},"end":{}}],"line":41}},"s":{"0":1,"1":1,"2":1,"3":1,"4":1,"5":0,"6":0,"7":0,"8":0,"9":0,"10":0,"11":0,"12":0,"13":0,"14":0,"15":0,"16":0,"17":0,"18":0,"19":0,"20":0,"21":0},"f":{"0":0,"1":0},"b":{"0":[0,0],"1":[0,0]},"_coverageSchema":"1a1c01bbd47fc00a2c39e90264f33305004495a9","hash":"c3b07007578ae4ce40181f7518eefe2c0f440a1e"}
,"E:\\GA 16\\Project Final\\GITLAB\\be_lektur\\controllers\\project.js": {"path":"E:\\GA 16\\Project Final\\GITLAB\\be_lektur\\controllers\\project.js","statementMap":{"0":{"start":{"line":10,"column":4},"end":{"line":10,"column":24}},"1":{"start":{"line":11,"column":21},"end":{"line":11,"column":56}},"2":{"start":{"line":12,"column":12},"end":{"line":12,"column":26}},"3":{"start":{"line":13,"column":15},"end":{"line":13,"column":35}},"4":{"start":{"line":14,"column":13},"end":{"line":14,"column":30}},"5":{"start":{"line":16,"column":0},"end":{"line":226,"column":2}},"6":{"start":{"line":18,"column":4},"end":{"line":115,"column":5}},"7":{"start":{"line":19,"column":17},"end":{"line":97,"column":8}},"8":{"start":{"line":99,"column":6},"end":{"line":99,"column":46}},"9":{"start":{"line":100,"column":6},"end":{"line":110,"column":7}},"10":{"start":{"line":100,"column":19},"end":{"line":100,"column":20}},"11":{"start":{"line":101,"column":8},"end":{"line":109,"column":15}},"12":{"start":{"line":112,"column":6},"end":{"line":112,"column":33}},"13":{"start":{"line":114,"column":6},"end":{"line":114,"column":31}},"14":{"start":{"line":118,"column":17},"end":{"line":118,"column":25}},"15":{"start":{"line":119,"column":17},"end":{"line":119,"column":25}},"16":{"start":{"line":120,"column":19},"end":{"line":120,"column":29}},"17":{"start":{"line":121,"column":19},"end":{"line":121,"column":30}},"18":{"start":{"line":122,"column":4},"end":{"line":173,"column":5}},"19":{"start":{"line":123,"column":6},"end":{"line":128,"column":7}},"20":{"start":{"line":124,"column":8},"end":{"line":127,"column":11}},"21":{"start":{"line":131,"column":21},"end":{"line":134,"column":8}},"22":{"start":{"line":135,"column":6},"end":{"line":135,"column":24}},"23":{"start":{"line":136,"column":24},"end":{"line":139,"column":8}},"24":{"start":{"line":140,"column":6},"end":{"line":145,"column":7}},"25":{"start":{"line":141,"column":8},"end":{"line":144,"column":11}},"26":{"start":{"line":147,"column":21},"end":{"line":153,"column":7}},"27":{"start":{"line":154,"column":6},"end":{"line":159,"column":7}},"28":{"start":{"line":155,"column":8},"end":{"line":158,"column":11}},"29":{"start":{"line":160,"column":19},"end":{"line":165,"column":8}},"30":{"start":{"line":166,"column":6},"end":{"line":170,"column":9}},"31":{"start":{"line":172,"column":6},"end":{"line":172,"column":31}},"32":{"start":{"line":176,"column":19},"end":{"line":176,"column":29}},"33":{"start":{"line":177,"column":19},"end":{"line":177,"column":30}},"34":{"start":{"line":178,"column":17},"end":{"line":178,"column":25}},"35":{"start":{"line":179,"column":4},"end":{"line":224,"column":5}},"36":{"start":{"line":182,"column":21},"end":{"line":184,"column":8}},"37":{"start":{"line":185,"column":26},"end":{"line":185,"column":32}},"38":{"start":{"line":186,"column":24},"end":{"line":188,"column":8}},"39":{"start":{"line":189,"column":6},"end":{"line":194,"column":7}},"40":{"start":{"line":190,"column":8},"end":{"line":193,"column":11}},"41":{"start":{"line":195,"column":21},"end":{"line":210,"column":7}},"42":{"start":{"line":212,"column":6},"end":{"line":217,"column":7}},"43":{"start":{"line":213,"column":8},"end":{"line":216,"column":11}},"44":{"start":{"line":218,"column":6},"end":{"line":221,"column":9}},"45":{"start":{"line":223,"column":6},"end":{"line":223,"column":31}}},"fnMap":{"0":{"name":"(anonymous_0)","decl":{"start":{"line":17,"column":23},"end":{"line":17,"column":24}},"loc":{"start":{"line":17,"column":43},"end":{"line":116,"column":3}},"line":17},"1":{"name":"(anonymous_1)","decl":{"start":{"line":117,"column":23},"end":{"line":117,"column":24}},"loc":{"start":{"line":117,"column":43},"end":{"line":174,"column":3}},"line":117},"2":{"name":"(anonymous_2)","decl":{"start":{"line":175,"column":24},"end":{"line":175,"column":25}},"loc":{"start":{"line":175,"column":44},"end":{"line":225,"column":3}},"line":175}},"branchMap":{"0":{"loc":{"start":{"line":101,"column":8},"end":{"line":109,"column":14}},"type":"cond-expr","locations":[{"start":{"line":102,"column":13},"end":{"line":102,"column":51}},{"start":{"line":103,"column":12},"end":{"line":109,"column":14}}],"line":101},"1":{"loc":{"start":{"line":103,"column":12},"end":{"line":109,"column":14}},"type":"cond-expr","locations":[{"start":{"line":104,"column":13},"end":{"line":104,"column":44}},{"start":{"line":105,"column":12},"end":{"line":109,"column":14}}],"line":103},"2":{"loc":{"start":{"line":105,"column":12},"end":{"line":109,"column":14}},"type":"cond-expr","locations":[{"start":{"line":106,"column":13},"end":{"line":106,"column":40}},{"start":{"line":107,"column":12},"end":{"line":109,"column":14}}],"line":105},"3":{"loc":{"start":{"line":107,"column":12},"end":{"line":109,"column":14}},"type":"cond-expr","locations":[{"start":{"line":108,"column":13},"end":{"line":108,"column":42}},{"start":{"line":109,"column":12},"end":{"line":109,"column":14}}],"line":107},"4":{"loc":{"start":{"line":123,"column":6},"end":{"line":128,"column":7}},"type":"if","locations":[{"start":{"line":123,"column":6},"end":{"line":128,"column":7}},{"start":{},"end":{}}],"line":123},"5":{"loc":{"start":{"line":140,"column":6},"end":{"line":145,"column":7}},"type":"if","locations":[{"start":{"line":140,"column":6},"end":{"line":145,"column":7}},{"start":{},"end":{}}],"line":140},"6":{"loc":{"start":{"line":154,"column":6},"end":{"line":159,"column":7}},"type":"if","locations":[{"start":{"line":154,"column":6},"end":{"line":159,"column":7}},{"start":{},"end":{}}],"line":154},"7":{"loc":{"start":{"line":189,"column":6},"end":{"line":194,"column":7}},"type":"if","locations":[{"start":{"line":189,"column":6},"end":{"line":194,"column":7}},{"start":{},"end":{}}],"line":189},"8":{"loc":{"start":{"line":212,"column":6},"end":{"line":217,"column":7}},"type":"if","locations":[{"start":{"line":212,"column":6},"end":{"line":217,"column":7}},{"start":{},"end":{}}],"line":212}},"s":{"0":1,"1":1,"2":1,"3":1,"4":1,"5":1,"6":0,"7":0,"8":0,"9":0,"10":0,"11":0,"12":0,"13":0,"14":0,"15":0,"16":0,"17":0,"18":0,"19":0,"20":0,"21":0,"22":0,"23":0,"24":0,"25":0,"26":0,"27":0,"28":0,"29":0,"30":0,"31":0,"32":0,"33":0,"34":0,"35":0,"36":0,"37":0,"38":0,"39":0,"40":0,"41":0,"42":0,"43":0,"44":0,"45":0},"f":{"0":0,"1":0,"2":0},"b":{"0":[0,0],"1":[0,0],"2":[0,0],"3":[0,0],"4":[0,0],"5":[0,0],"6":[0,0],"7":[0,0],"8":[0,0]},"_coverageSchema":"1a1c01bbd47fc00a2c39e90264f33305004495a9","hash":"c974a96968dc2e545f5d908201ff02b9dd54937c"}
,"E:\\GA 16\\Project Final\\GITLAB\\be_lektur\\controllers\\showcase.js": {"path":"E:\\GA 16\\Project Final\\GITLAB\\be_lektur\\controllers\\showcase.js","statementMap":{"0":{"start":{"line":18,"column":4},"end":{"line":18,"column":24}},"1":{"start":{"line":19,"column":21},"end":{"line":19,"column":56}},"2":{"start":{"line":20,"column":15},"end":{"line":20,"column":35}},"3":{"start":{"line":21,"column":24},"end":{"line":21,"column":49}},"4":{"start":{"line":22,"column":12},"end":{"line":22,"column":26}},"5":{"start":{"line":24,"column":0},"end":{"line":780,"column":2}},"6":{"start":{"line":26,"column":19},"end":{"line":26,"column":29}},"7":{"start":{"line":27,"column":16},"end":{"line":27,"column":43}},"8":{"start":{"line":28,"column":4},"end":{"line":140,"column":5}},"9":{"start":{"line":30,"column":6},"end":{"line":46,"column":7}},"10":{"start":{"line":31,"column":8},"end":{"line":31,"column":45}},"11":{"start":{"line":32,"column":24},"end":{"line":32,"column":42}},"12":{"start":{"line":35,"column":8},"end":{"line":45,"column":9}},"13":{"start":{"line":36,"column":23},"end":{"line":39,"column":12}},"14":{"start":{"line":42,"column":10},"end":{"line":44,"column":11}},"15":{"start":{"line":43,"column":12},"end":{"line":43,"column":39}},"16":{"start":{"line":48,"column":19},"end":{"line":106,"column":8}},"17":{"start":{"line":109,"column":6},"end":{"line":114,"column":7}},"18":{"start":{"line":110,"column":8},"end":{"line":113,"column":11}},"19":{"start":{"line":116,"column":6},"end":{"line":131,"column":7}},"20":{"start":{"line":117,"column":30},"end":{"line":122,"column":10}},"21":{"start":{"line":124,"column":8},"end":{"line":128,"column":9}},"22":{"start":{"line":125,"column":10},"end":{"line":125,"column":43}},"23":{"start":{"line":127,"column":10},"end":{"line":127,"column":42}},"24":{"start":{"line":130,"column":8},"end":{"line":130,"column":41}},"25":{"start":{"line":133,"column":6},"end":{"line":137,"column":9}},"26":{"start":{"line":139,"column":6},"end":{"line":139,"column":31}},"27":{"start":{"line":143,"column":46},"end":{"line":143,"column":55}},"28":{"start":{"line":144,"column":4},"end":{"line":387,"column":5}},"29":{"start":{"line":145,"column":18},"end":{"line":145,"column":45}},"30":{"start":{"line":148,"column":6},"end":{"line":160,"column":7}},"31":{"start":{"line":149,"column":8},"end":{"line":149,"column":45}},"32":{"start":{"line":150,"column":24},"end":{"line":150,"column":42}},"33":{"start":{"line":153,"column":8},"end":{"line":159,"column":9}},"34":{"start":{"line":154,"column":23},"end":{"line":154,"column":72}},"35":{"start":{"line":156,"column":10},"end":{"line":158,"column":11}},"36":{"start":{"line":157,"column":12},"end":{"line":157,"column":39}},"37":{"start":{"line":162,"column":6},"end":{"line":164,"column":7}},"38":{"start":{"line":163,"column":8},"end":{"line":163,"column":17}},"39":{"start":{"line":166,"column":23},"end":{"line":166,"column":25}},"40":{"start":{"line":167,"column":6},"end":{"line":169,"column":7}},"41":{"start":{"line":168,"column":8},"end":{"line":168,"column":40}},"42":{"start":{"line":171,"column":21},"end":{"line":171,"column":23}},"43":{"start":{"line":172,"column":6},"end":{"line":174,"column":7}},"44":{"start":{"line":173,"column":8},"end":{"line":173,"column":37}},"45":{"start":{"line":176,"column":26},"end":{"line":176,"column":28}},"46":{"start":{"line":177,"column":6},"end":{"line":183,"column":7}},"47":{"start":{"line":178,"column":8},"end":{"line":182,"column":10}},"48":{"start":{"line":185,"column":17},"end":{"line":269,"column":8}},"49":{"start":{"line":271,"column":19},"end":{"line":345,"column":8}},"50":{"start":{"line":346,"column":25},"end":{"line":346,"column":46}},"51":{"start":{"line":348,"column":6},"end":{"line":348,"column":46}},"52":{"start":{"line":350,"column":16},"end":{"line":350,"column":18}},"53":{"start":{"line":352,"column":6},"end":{"line":360,"column":7}},"54":{"start":{"line":353,"column":24},"end":{"line":355,"column":10}},"55":{"start":{"line":357,"column":8},"end":{"line":359,"column":9}},"56":{"start":{"line":357,"column":21},"end":{"line":357,"column":22}},"57":{"start":{"line":358,"column":10},"end":{"line":358,"column":42}},"58":{"start":{"line":361,"column":6},"end":{"line":363,"column":7}},"59":{"start":{"line":362,"column":8},"end":{"line":362,"column":21}},"60":{"start":{"line":365,"column":6},"end":{"line":373,"column":7}},"61":{"start":{"line":365,"column":19},"end":{"line":365,"column":20}},"62":{"start":{"line":366,"column":8},"end":{"line":372,"column":11}},"63":{"start":{"line":366,"column":21},"end":{"line":366,"column":22}},"64":{"start":{"line":367,"column":10},"end":{"line":372,"column":11}},"65":{"start":{"line":368,"column":12},"end":{"line":368,"column":38}},"66":{"start":{"line":369,"column":12},"end":{"line":369,"column":18}},"67":{"start":{"line":371,"column":12},"end":{"line":371,"column":39}},"68":{"start":{"line":375,"column":6},"end":{"line":377,"column":8}},"69":{"start":{"line":376,"column":8},"end":{"line":376,"column":78}},"70":{"start":{"line":379,"column":6},"end":{"line":384,"column":9}},"71":{"start":{"line":386,"column":6},"end":{"line":386,"column":31}},"72":{"start":{"line":390,"column":19},"end":{"line":390,"column":28}},"73":{"start":{"line":391,"column":4},"end":{"line":408,"column":5}},"74":{"start":{"line":392,"column":19},"end":{"line":400,"column":8}},"75":{"start":{"line":401,"column":6},"end":{"line":405,"column":9}},"76":{"start":{"line":407,"column":6},"end":{"line":407,"column":31}},"77":{"start":{"line":411,"column":19},"end":{"line":411,"column":29}},"78":{"start":{"line":412,"column":4},"end":{"line":458,"column":5}},"79":{"start":{"line":413,"column":19},"end":{"line":441,"column":8}},"80":{"start":{"line":443,"column":6},"end":{"line":449,"column":7}},"81":{"start":{"line":444,"column":8},"end":{"line":448,"column":11}},"82":{"start":{"line":451,"column":6},"end":{"line":455,"column":9}},"83":{"start":{"line":457,"column":6},"end":{"line":457,"column":31}},"84":{"start":{"line":461,"column":4},"end":{"line":482,"column":5}},"85":{"start":{"line":462,"column":19},"end":{"line":473,"column":8}},"86":{"start":{"line":475,"column":6},"end":{"line":479,"column":9}},"87":{"start":{"line":481,"column":6},"end":{"line":481,"column":31}},"88":{"start":{"line":485,"column":21},"end":{"line":485,"column":24}},"89":{"start":{"line":486,"column":19},"end":{"line":486,"column":29}},"90":{"start":{"line":487,"column":25},"end":{"line":487,"column":33}},"91":{"start":{"line":488,"column":4},"end":{"line":536,"column":5}},"92":{"start":{"line":489,"column":20},"end":{"line":489,"column":47}},"93":{"start":{"line":492,"column":21},"end":{"line":494,"column":8}},"94":{"start":{"line":495,"column":24},"end":{"line":497,"column":8}},"95":{"start":{"line":498,"column":6},"end":{"line":503,"column":7}},"96":{"start":{"line":499,"column":8},"end":{"line":502,"column":11}},"97":{"start":{"line":506,"column":6},"end":{"line":510,"column":7}},"98":{"start":{"line":507,"column":8},"end":{"line":507,"column":27}},"99":{"start":{"line":509,"column":8},"end":{"line":509,"column":26}},"100":{"start":{"line":512,"column":21},"end":{"line":520,"column":7}},"101":{"start":{"line":521,"column":6},"end":{"line":527,"column":7}},"102":{"start":{"line":522,"column":8},"end":{"line":526,"column":11}},"103":{"start":{"line":528,"column":18},"end":{"line":528,"column":42}},"104":{"start":{"line":529,"column":6},"end":{"line":533,"column":9}},"105":{"start":{"line":535,"column":6},"end":{"line":535,"column":31}},"106":{"start":{"line":539,"column":17},"end":{"line":539,"column":25}},"107":{"start":{"line":540,"column":17},"end":{"line":540,"column":25}},"108":{"start":{"line":541,"column":18},"end":{"line":541,"column":27}},"109":{"start":{"line":544,"column":4},"end":{"line":658,"column":5}},"110":{"start":{"line":545,"column":6},"end":{"line":545,"column":50}},"111":{"start":{"line":547,"column":6},"end":{"line":553,"column":7}},"112":{"start":{"line":548,"column":8},"end":{"line":552,"column":11}},"113":{"start":{"line":556,"column":21},"end":{"line":564,"column":8}},"114":{"start":{"line":567,"column":24},"end":{"line":570,"column":8}},"115":{"start":{"line":571,"column":6},"end":{"line":576,"column":7}},"116":{"start":{"line":572,"column":8},"end":{"line":575,"column":11}},"117":{"start":{"line":578,"column":6},"end":{"line":584,"column":7}},"118":{"start":{"line":579,"column":8},"end":{"line":583,"column":11}},"119":{"start":{"line":586,"column":29},"end":{"line":595,"column":7}},"120":{"start":{"line":597,"column":27},"end":{"line":597,"column":39}},"121":{"start":{"line":598,"column":21},"end":{"line":598,"column":37}},"122":{"start":{"line":599,"column":21},"end":{"line":599,"column":32}},"123":{"start":{"line":600,"column":24},"end":{"line":600,"column":26}},"124":{"start":{"line":601,"column":21},"end":{"line":601,"column":23}},"125":{"start":{"line":602,"column":24},"end":{"line":602,"column":26}},"126":{"start":{"line":603,"column":23},"end":{"line":603,"column":25}},"127":{"start":{"line":605,"column":20},"end":{"line":605,"column":74}},"128":{"start":{"line":606,"column":22},"end":{"line":606,"column":46}},"129":{"start":{"line":606,"column":40},"end":{"line":606,"column":45}},"130":{"start":{"line":607,"column":6},"end":{"line":612,"column":7}},"131":{"start":{"line":607,"column":19},"end":{"line":607,"column":20}},"132":{"start":{"line":608,"column":8},"end":{"line":611,"column":11}},"133":{"start":{"line":613,"column":6},"end":{"line":613,"column":75}},"134":{"start":{"line":615,"column":17},"end":{"line":615,"column":73}},"135":{"start":{"line":616,"column":19},"end":{"line":616,"column":40}},"136":{"start":{"line":616,"column":34},"end":{"line":616,"column":39}},"137":{"start":{"line":617,"column":6},"end":{"line":622,"column":7}},"138":{"start":{"line":617,"column":19},"end":{"line":617,"column":20}},"139":{"start":{"line":618,"column":8},"end":{"line":621,"column":11}},"140":{"start":{"line":623,"column":6},"end":{"line":623,"column":68}},"141":{"start":{"line":625,"column":20},"end":{"line":625,"column":68}},"142":{"start":{"line":626,"column":22},"end":{"line":626,"column":46}},"143":{"start":{"line":626,"column":40},"end":{"line":626,"column":45}},"144":{"start":{"line":627,"column":6},"end":{"line":632,"column":7}},"145":{"start":{"line":627,"column":19},"end":{"line":627,"column":20}},"146":{"start":{"line":628,"column":8},"end":{"line":631,"column":11}},"147":{"start":{"line":633,"column":6},"end":{"line":633,"column":69}},"148":{"start":{"line":635,"column":6},"end":{"line":641,"column":7}},"149":{"start":{"line":635,"column":19},"end":{"line":635,"column":20}},"150":{"start":{"line":636,"column":8},"end":{"line":640,"column":11}},"151":{"start":{"line":642,"column":6},"end":{"line":642,"column":58}},"152":{"start":{"line":644,"column":6},"end":{"line":644,"column":33}},"153":{"start":{"line":645,"column":21},"end":{"line":649,"column":8}},"154":{"start":{"line":650,"column":6},"end":{"line":654,"column":9}},"155":{"start":{"line":656,"column":6},"end":{"line":656,"column":46}},"156":{"start":{"line":656,"column":23},"end":{"line":656,"column":46}},"157":{"start":{"line":657,"column":6},"end":{"line":657,"column":31}},"158":{"start":{"line":661,"column":17},"end":{"line":661,"column":25}},"159":{"start":{"line":662,"column":17},"end":{"line":662,"column":25}},"160":{"start":{"line":663,"column":18},"end":{"line":663,"column":27}},"161":{"start":{"line":666,"column":4},"end":{"line":778,"column":5}},"162":{"start":{"line":667,"column":6},"end":{"line":667,"column":50}},"163":{"start":{"line":669,"column":6},"end":{"line":675,"column":7}},"164":{"start":{"line":670,"column":8},"end":{"line":674,"column":11}},"165":{"start":{"line":678,"column":21},"end":{"line":685,"column":8}},"166":{"start":{"line":688,"column":24},"end":{"line":691,"column":8}},"167":{"start":{"line":692,"column":6},"end":{"line":697,"column":7}},"168":{"start":{"line":693,"column":8},"end":{"line":696,"column":11}},"169":{"start":{"line":699,"column":6},"end":{"line":705,"column":7}},"170":{"start":{"line":700,"column":8},"end":{"line":704,"column":11}},"171":{"start":{"line":707,"column":29},"end":{"line":715,"column":7}},"172":{"start":{"line":717,"column":27},"end":{"line":717,"column":39}},"173":{"start":{"line":718,"column":21},"end":{"line":718,"column":37}},"174":{"start":{"line":719,"column":21},"end":{"line":719,"column":32}},"175":{"start":{"line":720,"column":24},"end":{"line":720,"column":26}},"176":{"start":{"line":721,"column":21},"end":{"line":721,"column":23}},"177":{"start":{"line":722,"column":24},"end":{"line":722,"column":26}},"178":{"start":{"line":723,"column":23},"end":{"line":723,"column":25}},"179":{"start":{"line":725,"column":20},"end":{"line":725,"column":74}},"180":{"start":{"line":726,"column":22},"end":{"line":726,"column":46}},"181":{"start":{"line":726,"column":40},"end":{"line":726,"column":45}},"182":{"start":{"line":727,"column":6},"end":{"line":732,"column":7}},"183":{"start":{"line":727,"column":19},"end":{"line":727,"column":20}},"184":{"start":{"line":728,"column":8},"end":{"line":731,"column":11}},"185":{"start":{"line":733,"column":6},"end":{"line":733,"column":75}},"186":{"start":{"line":735,"column":17},"end":{"line":735,"column":73}},"187":{"start":{"line":736,"column":19},"end":{"line":736,"column":40}},"188":{"start":{"line":736,"column":34},"end":{"line":736,"column":39}},"189":{"start":{"line":737,"column":6},"end":{"line":742,"column":7}},"190":{"start":{"line":737,"column":19},"end":{"line":737,"column":20}},"191":{"start":{"line":738,"column":8},"end":{"line":741,"column":11}},"192":{"start":{"line":743,"column":6},"end":{"line":743,"column":68}},"193":{"start":{"line":745,"column":20},"end":{"line":745,"column":68}},"194":{"start":{"line":746,"column":22},"end":{"line":746,"column":46}},"195":{"start":{"line":746,"column":40},"end":{"line":746,"column":45}},"196":{"start":{"line":747,"column":6},"end":{"line":752,"column":7}},"197":{"start":{"line":747,"column":19},"end":{"line":747,"column":20}},"198":{"start":{"line":748,"column":8},"end":{"line":751,"column":11}},"199":{"start":{"line":753,"column":6},"end":{"line":753,"column":69}},"200":{"start":{"line":755,"column":6},"end":{"line":761,"column":7}},"201":{"start":{"line":755,"column":19},"end":{"line":755,"column":20}},"202":{"start":{"line":756,"column":8},"end":{"line":760,"column":11}},"203":{"start":{"line":762,"column":6},"end":{"line":762,"column":58}},"204":{"start":{"line":764,"column":6},"end":{"line":764,"column":33}},"205":{"start":{"line":765,"column":21},"end":{"line":769,"column":8}},"206":{"start":{"line":770,"column":6},"end":{"line":774,"column":9}},"207":{"start":{"line":776,"column":6},"end":{"line":776,"column":46}},"208":{"start":{"line":776,"column":23},"end":{"line":776,"column":46}},"209":{"start":{"line":777,"column":6},"end":{"line":777,"column":31}}},"fnMap":{"0":{"name":"(anonymous_0)","decl":{"start":{"line":25,"column":18},"end":{"line":25,"column":19}},"loc":{"start":{"line":25,"column":38},"end":{"line":141,"column":3}},"line":25},"1":{"name":"(anonymous_1)","decl":{"start":{"line":142,"column":18},"end":{"line":142,"column":19}},"loc":{"start":{"line":142,"column":38},"end":{"line":388,"column":3}},"line":142},"2":{"name":"(anonymous_2)","decl":{"start":{"line":375,"column":16},"end":{"line":375,"column":17}},"loc":{"start":{"line":376,"column":8},"end":{"line":376,"column":78}},"line":376},"3":{"name":"(anonymous_3)","decl":{"start":{"line":389,"column":23},"end":{"line":389,"column":24}},"loc":{"start":{"line":389,"column":43},"end":{"line":409,"column":3}},"line":389},"4":{"name":"(anonymous_4)","decl":{"start":{"line":410,"column":27},"end":{"line":410,"column":28}},"loc":{"start":{"line":410,"column":47},"end":{"line":459,"column":3}},"line":410},"5":{"name":"(anonymous_5)","decl":{"start":{"line":460,"column":18},"end":{"line":460,"column":19}},"loc":{"start":{"line":460,"column":38},"end":{"line":483,"column":3}},"line":460},"6":{"name":"(anonymous_6)","decl":{"start":{"line":484,"column":17},"end":{"line":484,"column":18}},"loc":{"start":{"line":484,"column":37},"end":{"line":537,"column":3}},"line":484},"7":{"name":"(anonymous_7)","decl":{"start":{"line":538,"column":26},"end":{"line":538,"column":27}},"loc":{"start":{"line":538,"column":46},"end":{"line":659,"column":3}},"line":538},"8":{"name":"(anonymous_8)","decl":{"start":{"line":606,"column":32},"end":{"line":606,"column":33}},"loc":{"start":{"line":606,"column":40},"end":{"line":606,"column":45}},"line":606},"9":{"name":"(anonymous_9)","decl":{"start":{"line":616,"column":26},"end":{"line":616,"column":27}},"loc":{"start":{"line":616,"column":34},"end":{"line":616,"column":39}},"line":616},"10":{"name":"(anonymous_10)","decl":{"start":{"line":626,"column":32},"end":{"line":626,"column":33}},"loc":{"start":{"line":626,"column":40},"end":{"line":626,"column":45}},"line":626},"11":{"name":"(anonymous_11)","decl":{"start":{"line":660,"column":19},"end":{"line":660,"column":20}},"loc":{"start":{"line":660,"column":39},"end":{"line":779,"column":3}},"line":660},"12":{"name":"(anonymous_12)","decl":{"start":{"line":726,"column":32},"end":{"line":726,"column":33}},"loc":{"start":{"line":726,"column":40},"end":{"line":726,"column":45}},"line":726},"13":{"name":"(anonymous_13)","decl":{"start":{"line":736,"column":26},"end":{"line":736,"column":27}},"loc":{"start":{"line":736,"column":34},"end":{"line":736,"column":39}},"line":736},"14":{"name":"(anonymous_14)","decl":{"start":{"line":746,"column":32},"end":{"line":746,"column":33}},"loc":{"start":{"line":746,"column":40},"end":{"line":746,"column":45}},"line":746}},"branchMap":{"0":{"loc":{"start":{"line":30,"column":6},"end":{"line":46,"column":7}},"type":"if","locations":[{"start":{"line":30,"column":6},"end":{"line":46,"column":7}},{"start":{},"end":{}}],"line":30},"1":{"loc":{"start":{"line":35,"column":8},"end":{"line":45,"column":9}},"type":"if","locations":[{"start":{"line":35,"column":8},"end":{"line":45,"column":9}},{"start":{},"end":{}}],"line":35},"2":{"loc":{"start":{"line":42,"column":10},"end":{"line":44,"column":11}},"type":"if","locations":[{"start":{"line":42,"column":10},"end":{"line":44,"column":11}},{"start":{},"end":{}}],"line":42},"3":{"loc":{"start":{"line":109,"column":6},"end":{"line":114,"column":7}},"type":"if","locations":[{"start":{"line":109,"column":6},"end":{"line":114,"column":7}},{"start":{},"end":{}}],"line":109},"4":{"loc":{"start":{"line":116,"column":6},"end":{"line":131,"column":7}},"type":"if","locations":[{"start":{"line":116,"column":6},"end":{"line":131,"column":7}},{"start":{"line":129,"column":13},"end":{"line":131,"column":7}}],"line":116},"5":{"loc":{"start":{"line":124,"column":8},"end":{"line":128,"column":9}},"type":"if","locations":[{"start":{"line":124,"column":8},"end":{"line":128,"column":9}},{"start":{"line":126,"column":15},"end":{"line":128,"column":9}}],"line":124},"6":{"loc":{"start":{"line":148,"column":6},"end":{"line":160,"column":7}},"type":"if","locations":[{"start":{"line":148,"column":6},"end":{"line":160,"column":7}},{"start":{},"end":{}}],"line":148},"7":{"loc":{"start":{"line":153,"column":8},"end":{"line":159,"column":9}},"type":"if","locations":[{"start":{"line":153,"column":8},"end":{"line":159,"column":9}},{"start":{},"end":{}}],"line":153},"8":{"loc":{"start":{"line":156,"column":10},"end":{"line":158,"column":11}},"type":"if","locations":[{"start":{"line":156,"column":10},"end":{"line":158,"column":11}},{"start":{},"end":{}}],"line":156},"9":{"loc":{"start":{"line":162,"column":6},"end":{"line":164,"column":7}},"type":"if","locations":[{"start":{"line":162,"column":6},"end":{"line":164,"column":7}},{"start":{},"end":{}}],"line":162},"10":{"loc":{"start":{"line":167,"column":6},"end":{"line":169,"column":7}},"type":"if","locations":[{"start":{"line":167,"column":6},"end":{"line":169,"column":7}},{"start":{},"end":{}}],"line":167},"11":{"loc":{"start":{"line":172,"column":6},"end":{"line":174,"column":7}},"type":"if","locations":[{"start":{"line":172,"column":6},"end":{"line":174,"column":7}},{"start":{},"end":{}}],"line":172},"12":{"loc":{"start":{"line":177,"column":6},"end":{"line":183,"column":7}},"type":"if","locations":[{"start":{"line":177,"column":6},"end":{"line":183,"column":7}},{"start":{},"end":{}}],"line":177},"13":{"loc":{"start":{"line":210,"column":18},"end":{"line":214,"column":24}},"type":"cond-expr","locations":[{"start":{"line":211,"column":22},"end":{"line":213,"column":23}},{"start":{"line":214,"column":22},"end":{"line":214,"column":24}}],"line":210},"14":{"loc":{"start":{"line":242,"column":18},"end":{"line":246,"column":24}},"type":"cond-expr","locations":[{"start":{"line":243,"column":22},"end":{"line":245,"column":23}},{"start":{"line":246,"column":22},"end":{"line":246,"column":24}}],"line":242},"15":{"loc":{"start":{"line":295,"column":18},"end":{"line":299,"column":24}},"type":"cond-expr","locations":[{"start":{"line":296,"column":22},"end":{"line":298,"column":23}},{"start":{"line":299,"column":22},"end":{"line":299,"column":24}}],"line":295},"16":{"loc":{"start":{"line":326,"column":18},"end":{"line":330,"column":24}},"type":"cond-expr","locations":[{"start":{"line":327,"column":22},"end":{"line":329,"column":23}},{"start":{"line":330,"column":22},"end":{"line":330,"column":24}}],"line":326},"17":{"loc":{"start":{"line":352,"column":6},"end":{"line":360,"column":7}},"type":"if","locations":[{"start":{"line":352,"column":6},"end":{"line":360,"column":7}},{"start":{},"end":{}}],"line":352},"18":{"loc":{"start":{"line":361,"column":6},"end":{"line":363,"column":7}},"type":"if","locations":[{"start":{"line":361,"column":6},"end":{"line":363,"column":7}},{"start":{},"end":{}}],"line":361},"19":{"loc":{"start":{"line":367,"column":10},"end":{"line":372,"column":11}},"type":"if","locations":[{"start":{"line":367,"column":10},"end":{"line":372,"column":11}},{"start":{"line":370,"column":17},"end":{"line":372,"column":11}}],"line":367},"20":{"loc":{"start":{"line":376,"column":8},"end":{"line":376,"column":78}},"type":"cond-expr","locations":[{"start":{"line":376,"column":38},"end":{"line":376,"column":39}},{"start":{"line":376,"column":42},"end":{"line":376,"column":78}}],"line":376},"21":{"loc":{"start":{"line":376,"column":42},"end":{"line":376,"column":78}},"type":"cond-expr","locations":[{"start":{"line":376,"column":72},"end":{"line":376,"column":74}},{"start":{"line":376,"column":77},"end":{"line":376,"column":78}}],"line":376},"22":{"loc":{"start":{"line":397,"column":12},"end":{"line":397,"column":70}},"type":"cond-expr","locations":[{"start":{"line":397,"column":30},"end":{"line":397,"column":36}},{"start":{"line":397,"column":39},"end":{"line":397,"column":70}}],"line":397},"23":{"loc":{"start":{"line":397,"column":39},"end":{"line":397,"column":70}},"type":"cond-expr","locations":[{"start":{"line":397,"column":56},"end":{"line":397,"column":61}},{"start":{"line":397,"column":64},"end":{"line":397,"column":70}}],"line":397},"24":{"loc":{"start":{"line":443,"column":6},"end":{"line":449,"column":7}},"type":"if","locations":[{"start":{"line":443,"column":6},"end":{"line":449,"column":7}},{"start":{},"end":{}}],"line":443},"25":{"loc":{"start":{"line":498,"column":6},"end":{"line":503,"column":7}},"type":"if","locations":[{"start":{"line":498,"column":6},"end":{"line":503,"column":7}},{"start":{},"end":{}}],"line":498},"26":{"loc":{"start":{"line":506,"column":6},"end":{"line":510,"column":7}},"type":"if","locations":[{"start":{"line":506,"column":6},"end":{"line":510,"column":7}},{"start":{"line":508,"column":13},"end":{"line":510,"column":7}}],"line":506},"27":{"loc":{"start":{"line":521,"column":6},"end":{"line":527,"column":7}},"type":"if","locations":[{"start":{"line":521,"column":6},"end":{"line":527,"column":7}},{"start":{},"end":{}}],"line":521},"28":{"loc":{"start":{"line":547,"column":6},"end":{"line":553,"column":7}},"type":"if","locations":[{"start":{"line":547,"column":6},"end":{"line":553,"column":7}},{"start":{},"end":{}}],"line":547},"29":{"loc":{"start":{"line":547,"column":10},"end":{"line":547,"column":38}},"type":"binary-expr","locations":[{"start":{"line":547,"column":10},"end":{"line":547,"column":28}},{"start":{"line":547,"column":32},"end":{"line":547,"column":38}}],"line":547},"30":{"loc":{"start":{"line":571,"column":6},"end":{"line":576,"column":7}},"type":"if","locations":[{"start":{"line":571,"column":6},"end":{"line":576,"column":7}},{"start":{},"end":{}}],"line":571},"31":{"loc":{"start":{"line":578,"column":6},"end":{"line":584,"column":7}},"type":"if","locations":[{"start":{"line":578,"column":6},"end":{"line":584,"column":7}},{"start":{},"end":{}}],"line":578},"32":{"loc":{"start":{"line":656,"column":6},"end":{"line":656,"column":46}},"type":"if","locations":[{"start":{"line":656,"column":6},"end":{"line":656,"column":46}},{"start":{},"end":{}}],"line":656},"33":{"loc":{"start":{"line":669,"column":6},"end":{"line":675,"column":7}},"type":"if","locations":[{"start":{"line":669,"column":6},"end":{"line":675,"column":7}},{"start":{},"end":{}}],"line":669},"34":{"loc":{"start":{"line":669,"column":10},"end":{"line":669,"column":38}},"type":"binary-expr","locations":[{"start":{"line":669,"column":10},"end":{"line":669,"column":28}},{"start":{"line":669,"column":32},"end":{"line":669,"column":38}}],"line":669},"35":{"loc":{"start":{"line":692,"column":6},"end":{"line":697,"column":7}},"type":"if","locations":[{"start":{"line":692,"column":6},"end":{"line":697,"column":7}},{"start":{},"end":{}}],"line":692},"36":{"loc":{"start":{"line":699,"column":6},"end":{"line":705,"column":7}},"type":"if","locations":[{"start":{"line":699,"column":6},"end":{"line":705,"column":7}},{"start":{},"end":{}}],"line":699},"37":{"loc":{"start":{"line":776,"column":6},"end":{"line":776,"column":46}},"type":"if","locations":[{"start":{"line":776,"column":6},"end":{"line":776,"column":46}},{"start":{},"end":{}}],"line":776}},"s":{"0":1,"1":1,"2":1,"3":1,"4":1,"5":1,"6":0,"7":0,"8":0,"9":0,"10":0,"11":0,"12":0,"13":0,"14":0,"15":0,"16":0,"17":0,"18":0,"19":0,"20":0,"21":0,"22":0,"23":0,"24":0,"25":0,"26":0,"27":0,"28":0,"29":0,"30":0,"31":0,"32":0,"33":0,"34":0,"35":0,"36":0,"37":0,"38":0,"39":0,"40":0,"41":0,"42":0,"43":0,"44":0,"45":0,"46":0,"47":0,"48":0,"49":0,"50":0,"51":0,"52":0,"53":0,"54":0,"55":0,"56":0,"57":0,"58":0,"59":0,"60":0,"61":0,"62":0,"63":0,"64":0,"65":0,"66":0,"67":0,"68":0,"69":0,"70":0,"71":0,"72":0,"73":0,"74":0,"75":0,"76":0,"77":0,"78":0,"79":0,"80":0,"81":0,"82":0,"83":0,"84":0,"85":0,"86":0,"87":0,"88":0,"89":0,"90":0,"91":0,"92":0,"93":0,"94":0,"95":0,"96":0,"97":0,"98":0,"99":0,"100":0,"101":0,"102":0,"103":0,"104":0,"105":0,"106":0,"107":0,"108":0,"109":0,"110":0,"111":0,"112":0,"113":0,"114":0,"115":0,"116":0,"117":0,"118":0,"119":0,"120":0,"121":0,"122":0,"123":0,"124":0,"125":0,"126":0,"127":0,"128":0,"129":0,"130":0,"131":0,"132":0,"133":0,"134":0,"135":0,"136":0,"137":0,"138":0,"139":0,"140":0,"141":0,"142":0,"143":0,"144":0,"145":0,"146":0,"147":0,"148":0,"149":0,"150":0,"151":0,"152":0,"153":0,"154":0,"155":0,"156":0,"157":0,"158":0,"159":0,"160":0,"161":0,"162":0,"163":0,"164":0,"165":0,"166":0,"167":0,"168":0,"169":0,"170":0,"171":0,"172":0,"173":0,"174":0,"175":0,"176":0,"177":0,"178":0,"179":0,"180":0,"181":0,"182":0,"183":0,"184":0,"185":0,"186":0,"187":0,"188":0,"189":0,"190":0,"191":0,"192":0,"193":0,"194":0,"195":0,"196":0,"197":0,"198":0,"199":0,"200":0,"201":0,"202":0,"203":0,"204":0,"205":0,"206":0,"207":0,"208":0,"209":0},"f":{"0":0,"1":0,"2":0,"3":0,"4":0,"5":0,"6":0,"7":0,"8":0,"9":0,"10":0,"11":0,"12":0,"13":0,"14":0},"b":{"0":[0,0],"1":[0,0],"2":[0,0],"3":[0,0],"4":[0,0],"5":[0,0],"6":[0,0],"7":[0,0],"8":[0,0],"9":[0,0],"10":[0,0],"11":[0,0],"12":[0,0],"13":[0,0],"14":[0,0],"15":[0,0],"16":[0,0],"17":[0,0],"18":[0,0],"19":[0,0],"20":[0,0],"21":[0,0],"22":[0,0],"23":[0,0],"24":[0,0],"25":[0,0],"26":[0,0],"27":[0,0],"28":[0,0],"29":[0,0],"30":[0,0],"31":[0,0],"32":[0,0],"33":[0,0],"34":[0,0],"35":[0,0],"36":[0,0],"37":[0,0]},"_coverageSchema":"1a1c01bbd47fc00a2c39e90264f33305004495a9","hash":"be290199caf35b954f2e48b62b74aeb693c787df"}
,"E:\\GA 16\\Project Final\\GITLAB\\be_lektur\\controllers\\timeslot.js": {"path":"E:\\GA 16\\Project Final\\GITLAB\\be_lektur\\controllers\\timeslot.js","statementMap":{"0":{"start":{"line":1,"column":46},"end":{"line":1,"column":66}},"1":{"start":{"line":2,"column":21},"end":{"line":2,"column":56}},"2":{"start":{"line":4,"column":0},"end":{"line":72,"column":1}},"3":{"start":{"line":6,"column":8},"end":{"line":41,"column":9}},"4":{"start":{"line":7,"column":42},"end":{"line":7,"column":51}},"5":{"start":{"line":8,"column":32},"end":{"line":8,"column":91}},"6":{"start":{"line":9,"column":27},"end":{"line":17,"column":14}},"7":{"start":{"line":18,"column":26},"end":{"line":18,"column":54}},"8":{"start":{"line":18,"column":45},"end":{"line":18,"column":53}},"9":{"start":{"line":19,"column":31},"end":{"line":19,"column":56}},"10":{"start":{"line":19,"column":50},"end":{"line":19,"column":55}},"11":{"start":{"line":20,"column":22},"end":{"line":20,"column":24}},"12":{"start":{"line":21,"column":12},"end":{"line":29,"column":13}},"13":{"start":{"line":21,"column":25},"end":{"line":21,"column":26}},"14":{"start":{"line":22,"column":30},"end":{"line":27,"column":26}},"15":{"start":{"line":28,"column":16},"end":{"line":28,"column":38}},"16":{"start":{"line":30,"column":28},"end":{"line":37,"column":14}},"17":{"start":{"line":31,"column":16},"end":{"line":35,"column":17}},"18":{"start":{"line":32,"column":20},"end":{"line":32,"column":37}},"19":{"start":{"line":34,"column":20},"end":{"line":34,"column":36}},"20":{"start":{"line":36,"column":16},"end":{"line":36,"column":25}},"21":{"start":{"line":38,"column":12},"end":{"line":38,"column":40}},"22":{"start":{"line":40,"column":12},"end":{"line":40,"column":36}},"23":{"start":{"line":45,"column":32},"end":{"line":45,"column":42}},"24":{"start":{"line":46,"column":8},"end":{"line":53,"column":9}},"25":{"start":{"line":47,"column":32},"end":{"line":47,"column":90}},"26":{"start":{"line":48,"column":29},"end":{"line":48,"column":96}},"27":{"start":{"line":50,"column":12},"end":{"line":50,"column":42}},"28":{"start":{"line":52,"column":12},"end":{"line":52,"column":36}},"29":{"start":{"line":57,"column":32},"end":{"line":57,"column":42}},"30":{"start":{"line":58,"column":38},"end":{"line":58,"column":46}},"31":{"start":{"line":59,"column":8},"end":{"line":70,"column":9}},"32":{"start":{"line":60,"column":32},"end":{"line":60,"column":90}},"33":{"start":{"line":61,"column":29},"end":{"line":65,"column":14}},"34":{"start":{"line":67,"column":12},"end":{"line":67,"column":42}},"35":{"start":{"line":69,"column":12},"end":{"line":69,"column":36}}},"fnMap":{"0":{"name":"(anonymous_0)","decl":{"start":{"line":5,"column":13},"end":{"line":5,"column":14}},"loc":{"start":{"line":5,"column":33},"end":{"line":42,"column":5}},"line":5},"1":{"name":"(anonymous_1)","decl":{"start":{"line":18,"column":39},"end":{"line":18,"column":40}},"loc":{"start":{"line":18,"column":45},"end":{"line":18,"column":53}},"line":18},"2":{"name":"(anonymous_2)","decl":{"start":{"line":19,"column":44},"end":{"line":19,"column":45}},"loc":{"start":{"line":19,"column":50},"end":{"line":19,"column":55}},"line":19},"3":{"name":"(anonymous_3)","decl":{"start":{"line":30,"column":42},"end":{"line":30,"column":43}},"loc":{"start":{"line":30,"column":53},"end":{"line":37,"column":13}},"line":30},"4":{"name":"(anonymous_4)","decl":{"start":{"line":44,"column":25},"end":{"line":44,"column":26}},"loc":{"start":{"line":44,"column":45},"end":{"line":54,"column":5}},"line":44},"5":{"name":"(anonymous_5)","decl":{"start":{"line":56,"column":12},"end":{"line":56,"column":13}},"loc":{"start":{"line":56,"column":32},"end":{"line":71,"column":5}},"line":56}},"branchMap":{"0":{"loc":{"start":{"line":31,"column":16},"end":{"line":35,"column":17}},"type":"if","locations":[{"start":{"line":31,"column":16},"end":{"line":35,"column":17}},{"start":{"line":33,"column":23},"end":{"line":35,"column":17}}],"line":31}},"s":{"0":1,"1":1,"2":1,"3":0,"4":0,"5":0,"6":0,"7":0,"8":0,"9":0,"10":0,"11":0,"12":0,"13":0,"14":0,"15":0,"16":0,"17":0,"18":0,"19":0,"20":0,"21":0,"22":0,"23":0,"24":0,"25":0,"26":0,"27":0,"28":0,"29":0,"30":0,"31":0,"32":0,"33":0,"34":0,"35":0},"f":{"0":0,"1":0,"2":0,"3":0,"4":0,"5":0},"b":{"0":[0,0]},"_coverageSchema":"1a1c01bbd47fc00a2c39e90264f33305004495a9","hash":"7bb306c8b79a8728e9824b0a58842e9e24f38a85"}
,"E:\\GA 16\\Project Final\\GITLAB\\be_lektur\\controllers\\user.js": {"path":"E:\\GA 16\\Project Final\\GITLAB\\be_lektur\\controllers\\user.js","statementMap":{"0":{"start":{"line":9,"column":4},"end":{"line":9,"column":24}},"1":{"start":{"line":10,"column":21},"end":{"line":10,"column":56}},"2":{"start":{"line":11,"column":12},"end":{"line":11,"column":26}},"3":{"start":{"line":16,"column":4},"end":{"line":16,"column":32}},"4":{"start":{"line":17,"column":26},"end":{"line":17,"column":51}},"5":{"start":{"line":18,"column":15},"end":{"line":18,"column":35}},"6":{"start":{"line":19,"column":15},"end":{"line":19,"column":38}},"7":{"start":{"line":20,"column":17},"end":{"line":20,"column":50}},"8":{"start":{"line":22,"column":0},"end":{"line":470,"column":2}},"9":{"start":{"line":24,"column":17},"end":{"line":24,"column":25}},"10":{"start":{"line":25,"column":4},"end":{"line":38,"column":5}},"11":{"start":{"line":26,"column":19},"end":{"line":33,"column":8}},"12":{"start":{"line":35,"column":6},"end":{"line":35,"column":33}},"13":{"start":{"line":37,"column":6},"end":{"line":37,"column":31}},"14":{"start":{"line":42,"column":53},"end":{"line":42,"column":61}},"15":{"start":{"line":43,"column":4},"end":{"line":104,"column":5}},"16":{"start":{"line":44,"column":21},"end":{"line":49,"column":8}},"17":{"start":{"line":51,"column":24},"end":{"line":51,"column":49}},"18":{"start":{"line":52,"column":6},"end":{"line":57,"column":7}},"19":{"start":{"line":53,"column":8},"end":{"line":56,"column":11}},"20":{"start":{"line":58,"column":28},"end":{"line":58,"column":54}},"21":{"start":{"line":59,"column":6},"end":{"line":65,"column":7}},"22":{"start":{"line":60,"column":8},"end":{"line":64,"column":11}},"23":{"start":{"line":67,"column":20},"end":{"line":67,"column":60}},"24":{"start":{"line":68,"column":6},"end":{"line":73,"column":7}},"25":{"start":{"line":69,"column":8},"end":{"line":72,"column":11}},"26":{"start":{"line":74,"column":29},"end":{"line":74,"column":51}},"27":{"start":{"line":75,"column":19},"end":{"line":80,"column":8}},"28":{"start":{"line":81,"column":6},"end":{"line":86,"column":7}},"29":{"start":{"line":82,"column":8},"end":{"line":85,"column":11}},"30":{"start":{"line":88,"column":20},"end":{"line":95,"column":8}},"31":{"start":{"line":97,"column":6},"end":{"line":101,"column":9}},"32":{"start":{"line":103,"column":6},"end":{"line":103,"column":31}},"33":{"start":{"line":108,"column":32},"end":{"line":108,"column":40}},"34":{"start":{"line":109,"column":4},"end":{"line":158,"column":5}},"35":{"start":{"line":110,"column":21},"end":{"line":113,"column":8}},"36":{"start":{"line":115,"column":24},"end":{"line":115,"column":49}},"37":{"start":{"line":116,"column":6},"end":{"line":121,"column":7}},"38":{"start":{"line":117,"column":8},"end":{"line":120,"column":11}},"39":{"start":{"line":123,"column":19},"end":{"line":127,"column":8}},"40":{"start":{"line":129,"column":6},"end":{"line":134,"column":7}},"41":{"start":{"line":130,"column":8},"end":{"line":133,"column":11}},"42":{"start":{"line":135,"column":28},"end":{"line":135,"column":68}},"43":{"start":{"line":136,"column":6},"end":{"line":141,"column":7}},"44":{"start":{"line":137,"column":8},"end":{"line":140,"column":11}},"45":{"start":{"line":142,"column":20},"end":{"line":148,"column":8}},"46":{"start":{"line":151,"column":6},"end":{"line":155,"column":9}},"47":{"start":{"line":157,"column":6},"end":{"line":157,"column":31}},"48":{"start":{"line":162,"column":17},"end":{"line":162,"column":25}},"49":{"start":{"line":163,"column":17},"end":{"line":163,"column":25}},"50":{"start":{"line":164,"column":15},"end":{"line":164,"column":26}},"51":{"start":{"line":165,"column":4},"end":{"line":218,"column":5}},"52":{"start":{"line":166,"column":6},"end":{"line":171,"column":7}},"53":{"start":{"line":167,"column":8},"end":{"line":170,"column":11}},"54":{"start":{"line":174,"column":21},"end":{"line":180,"column":8}},"55":{"start":{"line":182,"column":24},"end":{"line":185,"column":8}},"56":{"start":{"line":186,"column":6},"end":{"line":191,"column":7}},"57":{"start":{"line":187,"column":8},"end":{"line":190,"column":11}},"58":{"start":{"line":193,"column":21},"end":{"line":199,"column":7}},"59":{"start":{"line":200,"column":6},"end":{"line":205,"column":7}},"60":{"start":{"line":201,"column":8},"end":{"line":204,"column":11}},"61":{"start":{"line":206,"column":19},"end":{"line":209,"column":8}},"62":{"start":{"line":211,"column":6},"end":{"line":215,"column":9}},"63":{"start":{"line":217,"column":6},"end":{"line":217,"column":31}},"64":{"start":{"line":222,"column":24},"end":{"line":222,"column":33}},"65":{"start":{"line":223,"column":4},"end":{"line":284,"column":5}},"66":{"start":{"line":224,"column":23},"end":{"line":224,"column":25}},"67":{"start":{"line":225,"column":6},"end":{"line":229,"column":7}},"68":{"start":{"line":226,"column":8},"end":{"line":228,"column":10}},"69":{"start":{"line":231,"column":19},"end":{"line":274,"column":8}},"70":{"start":{"line":275,"column":14},"end":{"line":275,"column":53}},"71":{"start":{"line":277,"column":6},"end":{"line":281,"column":9}},"72":{"start":{"line":283,"column":6},"end":{"line":283,"column":31}},"73":{"start":{"line":287,"column":22},"end":{"line":287,"column":30}},"74":{"start":{"line":288,"column":4},"end":{"line":319,"column":5}},"75":{"start":{"line":289,"column":19},"end":{"line":289,"column":59}},"76":{"start":{"line":290,"column":6},"end":{"line":295,"column":11}},"77":{"start":{"line":291,"column":8},"end":{"line":295,"column":11}},"78":{"start":{"line":296,"column":6},"end":{"line":296,"column":39}},"79":{"start":{"line":297,"column":28},"end":{"line":301,"column":8}},"80":{"start":{"line":302,"column":6},"end":{"line":310,"column":8}},"81":{"start":{"line":311,"column":6},"end":{"line":316,"column":9}},"82":{"start":{"line":318,"column":6},"end":{"line":318,"column":31}},"83":{"start":{"line":323,"column":41},"end":{"line":323,"column":49}},"84":{"start":{"line":324,"column":4},"end":{"line":368,"column":5}},"85":{"start":{"line":325,"column":21},"end":{"line":328,"column":8}},"86":{"start":{"line":330,"column":24},"end":{"line":330,"column":49}},"87":{"start":{"line":331,"column":6},"end":{"line":336,"column":7}},"88":{"start":{"line":332,"column":8},"end":{"line":335,"column":11}},"89":{"start":{"line":338,"column":23},"end":{"line":343,"column":8}},"90":{"start":{"line":344,"column":6},"end":{"line":350,"column":7}},"91":{"start":{"line":345,"column":8},"end":{"line":349,"column":11}},"92":{"start":{"line":351,"column":21},"end":{"line":351,"column":43}},"93":{"start":{"line":352,"column":6},"end":{"line":355,"column":8}},"94":{"start":{"line":356,"column":6},"end":{"line":359,"column":8}},"95":{"start":{"line":361,"column":6},"end":{"line":365,"column":9}},"96":{"start":{"line":367,"column":6},"end":{"line":367,"column":31}},"97":{"start":{"line":372,"column":53},"end":{"line":372,"column":61}},"98":{"start":{"line":373,"column":4},"end":{"line":436,"column":5}},"99":{"start":{"line":374,"column":21},"end":{"line":379,"column":8}},"100":{"start":{"line":380,"column":24},"end":{"line":380,"column":49}},"101":{"start":{"line":381,"column":6},"end":{"line":386,"column":7}},"102":{"start":{"line":382,"column":8},"end":{"line":385,"column":11}},"103":{"start":{"line":387,"column":28},"end":{"line":387,"column":54}},"104":{"start":{"line":388,"column":6},"end":{"line":394,"column":7}},"105":{"start":{"line":389,"column":8},"end":{"line":393,"column":11}},"106":{"start":{"line":395,"column":20},"end":{"line":395,"column":60}},"107":{"start":{"line":396,"column":6},"end":{"line":401,"column":7}},"108":{"start":{"line":397,"column":8},"end":{"line":400,"column":11}},"109":{"start":{"line":402,"column":29},"end":{"line":402,"column":51}},"110":{"start":{"line":403,"column":6},"end":{"line":403,"column":29}},"111":{"start":{"line":404,"column":21},"end":{"line":410,"column":8}},"112":{"start":{"line":412,"column":6},"end":{"line":418,"column":7}},"113":{"start":{"line":413,"column":8},"end":{"line":417,"column":11}},"114":{"start":{"line":420,"column":20},"end":{"line":427,"column":8}},"115":{"start":{"line":429,"column":6},"end":{"line":433,"column":9}},"116":{"start":{"line":435,"column":6},"end":{"line":435,"column":31}},"117":{"start":{"line":440,"column":20},"end":{"line":440,"column":29}},"118":{"start":{"line":441,"column":4},"end":{"line":468,"column":5}},"119":{"start":{"line":442,"column":19},"end":{"line":461,"column":8}},"120":{"start":{"line":463,"column":6},"end":{"line":465,"column":9}},"121":{"start":{"line":467,"column":6},"end":{"line":467,"column":31}}},"fnMap":{"0":{"name":"(anonymous_0)","decl":{"start":{"line":23,"column":10},"end":{"line":23,"column":11}},"loc":{"start":{"line":23,"column":30},"end":{"line":39,"column":3}},"line":23},"1":{"name":"(anonymous_1)","decl":{"start":{"line"
[...]
,"E:\\GA 16\\Project Final\\GITLAB\\be_lektur\\models\\showcasejunkprojecttype.js": {"path":"E:\\GA 16\\Project Final\\GITLAB\\be_lektur\\models\\showcasejunkprojecttype.js","statementMap":{"0":{"start":{"line":2,"column":18},"end":{"line":2,"column":38}},"1":{"start":{"line":3,"column":0},"end":{"line":33,"column":2}},"2":{"start":{"line":12,"column":6},"end":{"line":15,"column":9}},"3":{"start":{"line":16,"column":6},"end":{"line":19,"column":9}},"4":{"start":{"line":22,"column":2},"end":{"line":31,"column":4}},"5":{"start":{"line":32,"column":2},"end":{"line":32,"column":33}}},"fnMap":{"0":{"name":"(anonymous_0)","decl":{"start":{"line":3,"column":17},"end":{"line":3,"column":18}},"loc":{"start":{"line":3,"column":43},"end":{"line":33,"column":1}},"line":3},"1":{"name":"(anonymous_1)","decl":{"start":{"line":10,"column":4},"end":{"line":10,"column":5}},"loc":{"start":{"line":10,"column":29},"end":{"line":20,"column":5}},"line":10}},"branchMap":{},"s":{"0":1,"1":1,"2":1,"3":1,"4":1,"5":1},"f":{"0":1,"1":1},"b":{},"_coverageSchema":"1a1c01bbd47fc00a2c39e90264f33305004495a9","hash":"a1910fa434fde424f05ab6ea7041b870b683427d"}
,"E:\\GA 16\\Project Final\\GITLAB\\be_lektur\\models\\showcasejunksection.js": {"path":"E:\\GA 16\\Project Final\\GITLAB\\be_lektur\\models\\showcasejunksection.js","statementMap":{"0":{"start":{"line":2,"column":18},"end":{"line":2,"column":38}},"1":{"start":{"line":3,"column":0},"end":{"line":33,"column":2}},"2":{"start":{"line":12,"column":6},"end":{"line":15,"column":9}},"3":{"start":{"line":16,"column":6},"end":{"line":19,"column":9}},"4":{"start":{"line":22,"column":2},"end":{"line":31,"column":4}},"5":{"start":{"line":32,"column":2},"end":{"line":32,"column":29}}},"fnMap":{"0":{"name":"(anonymous_0)","decl":{"start":{"line":3,"column":17},"end":{"line":3,"column":18}},"loc":{"start":{"line":3,"column":43},"end":{"line":33,"column":1}},"line":3},"1":{"name":"(anonymous_1)","decl":{"start":{"line":10,"column":4},"end":{"line":10,"column":5}},"loc":{"start":{"line":10,"column":29},"end":{"line":20,"column":5}},"line":10}},"branchMap":{},"s":{"0":1,"1":1,"2":1,"3":1,"4":1,"5":1},"f":{"0":1,"1":1},"b":{},"_coverageSchema":"1a1c01bbd47fc00a2c39e90264f33305004495a9","hash":"50fe0d3b7c221361ecdd669679b6da78207b4a1a"}
,"E:\\GA 16\\Project Final\\GITLAB\\be_lektur\\models\\showcasejunkstyle.js": {"path":"E:\\GA 16\\Project Final\\GITLAB\\be_lektur\\models\\showcasejunkstyle.js","statementMap":{"0":{"start":{"line":2,"column":18},"end":{"line":2,"column":38}},"1":{"start":{"line":3,"column":0},"end":{"line":33,"column":2}},"2":{"start":{"line":12,"column":6},"end":{"line":15,"column":9}},"3":{"start":{"line":16,"column":6},"end":{"line":19,"column":9}},"4":{"start":{"line":22,"column":2},"end":{"line":31,"column":4}},"5":{"start":{"line":32,"column":2},"end":{"line":32,"column":27}}},"fnMap":{"0":{"name":"(anonymous_0)","decl":{"start":{"line":3,"column":17},"end":{"line":3,"column":18}},"loc":{"start":{"line":3,"column":43},"end":{"line":33,"column":1}},"line":3},"1":{"name":"(anonymous_1)","decl":{"start":{"line":10,"column":4},"end":{"line":10,"column":5}},"loc":{"start":{"line":10,"column":29},"end":{"line":20,"column":5}},"line":10}},"branchMap":{},"s":{"0":1,"1":1,"2":1,"3":1,"4":1,"5":1},"f":{"0":1,"1":1},"b":{},"_coverageSchema":"1a1c01bbd47fc00a2c39e90264f33305004495a9","hash":"19c3c061aa9054c928fbc1239379d7eda168e92c"}
,"E:\\GA 16\\Project Final\\GITLAB\\be_lektur\\models\\showcasetype.js": {"path":"E:\\GA 16\\Project Final\\GITLAB\\be_lektur\\models\\showcasetype.js","statementMap":{"0":{"start":{"line":2,"column":18},"end":{"line":2,"column":38}},"1":{"start":{"line":3,"column":0},"end":{"line":28,"column":2}},"2":{"start":{"line":12,"column":6},"end":{"line":15,"column":9}},"3":{"start":{"line":18,"column":2},"end":{"line":26,"column":4}},"4":{"start":{"line":27,"column":2},"end":{"line":27,"column":22}}},"fnMap":{"0":{"name":"(anonymous_0)","decl":{"start":{"line":3,"column":17},"end":{"line":3,"column":18}},"loc":{"start":{"line":3,"column":43},"end":{"line":28,"column":1}},"line":3},"1":{"name":"(anonymous_1)","decl":{"start":{"line":10,"column":4},"end":{"line":10,"column":5}},"loc":{"start":{"line":10,"column":29},"end":{"line":16,"column":5}},"line":10}},"branchMap":{},"s":{"0":1,"1":1,"2":1,"3":1,"4":1},"f":{"0":1,"1":1},"b":{},"_coverageSchema":"1a1c01bbd47fc00a2c39e90264f33305004495a9","hash":"ba80447475de7e72d64fd77301222f38cce3449b"}
,"E:\\GA 16\\Project Final\\GITLAB\\be_lektur\\models\\style.js": {"path":"E:\\GA 16\\Project Final\\GITLAB\\be_lektur\\models\\style.js","statementMap":{"0":{"start":{"line":2,"column":18},"end":{"line":2,"column":38}},"1":{"start":{"line":3,"column":0},"end":{"line":32,"column":2}},"2":{"start":{"line":12,"column":6},"end":{"line":15,"column":9}},"3":{"start":{"line":16,"column":6},"end":{"line":19,"column":9}},"4":{"start":{"line":22,"column":2},"end":{"line":30,"column":4}},"5":{"start":{"line":31,"column":2},"end":{"line":31,"column":15}}},"fnMap":{"0":{"name":"(anonymous_0)","decl":{"start":{"line":3,"column":17},"end":{"line":3,"column":18}},"loc":{"start":{"line":3,"column":43},"end":{"line":32,"column":1}},"line":3},"1":{"name":"(anonymous_1)","decl":{"start":{"line":10,"column":4},"end":{"line":10,"column":5}},"loc":{"start":{"line":10,"column":29},"end":{"line":20,"column":5}},"line":10}},"branchMap":{},"s":{"0":1,"1":1,"2":1,"3":1,"4":1,"5":1},"f":{"0":1,"1":1},"b":{},"_coverageSchema":"1a1c01bbd47fc00a2c39e90264f33305004495a9","hash":"38a7db4ecd29fac2f12115e961cd4b47d09fa111"}
,"E:\\GA 16\\Project Final\\GITLAB\\be_lektur\\models\\timeslot.js": {"path":"E:\\GA 16\\Project Final\\GITLAB\\be_lektur\\models\\timeslot.js","statementMap":{"0":{"start":{"line":2,"column":18},"end":{"line":2,"column":38}},"1":{"start":{"line":3,"column":0},"end":{"line":30,"column":2}},"2":{"start":{"line":12,"column":6},"end":{"line":15,"column":9}},"3":{"start":{"line":18,"column":2},"end":{"line":28,"column":4}},"4":{"start":{"line":29,"column":2},"end":{"line":29,"column":18}}},"fnMap":{"0":{"name":"(anonymous_0)","decl":{"start":{"line":3,"column":17},"end":{"line":3,"column":18}},"loc":{"start":{"line":3,"column":43},"end":{"line":30,"column":1}},"line":3},"1":{"name":"(anonymous_1)","decl":{"start":{"line":10,"column":4},"end":{"line":10,"column":5}},"loc":{"start":{"line":10,"column":29},"end":{"line":16,"column":5}},"line":10}},"branchMap":{},"s":{"0":1,"1":1,"2":1,"3":1,"4":1},"f":{"0":1,"1":1},"b":{},"_coverageSchema":"1a1c01bbd47fc00a2c39e90264f33305004495a9","hash":"952588948f1afc72abc58631da5c5f3504c1775f"}
,"E:\\GA 16\\Project Final\\GITLAB\\be_lektur\\models\\user.js": {"path":"E:\\GA 16\\Project Final\\GITLAB\\be_lektur\\models\\user.js","statementMap":{"0":{"start":{"line":2,"column":18},"end":{"line":2,"column":38}},"1":{"start":{"line":3,"column":0},"end":{"line":46,"column":2}},"2":{"start":{"line":12,"column":6},"end":{"line":15,"column":9}},"3":{"start":{"line":16,"column":6},"end":{"line":19,"column":9}},"4":{"start":{"line":20,"column":6},"end":{"line":23,"column":9}},"5":{"start":{"line":24,"column":6},"end":{"line":27,"column":9}},"6":{"start":{"line":30,"column":2},"end":{"line":44,"column":4}},"7":{"start":{"line":45,"column":2},"end":{"line":45,"column":14}}},"fnMap":{"0":{"name":"(anonymous_0)","decl":{"start":{"line":3,"column":17},"end":{"line":3,"column":18}},"loc":{"start":{"line":3,"column":43},"end":{"line":46,"column":1}},"line":3},"1":{"name":"(anonymous_1)","decl":{"start":{"line":10,"column":4},"end":{"line":10,"column":5}},"loc":{"start":{"line":10,"column":29},"end":{"line":28,"column":5}},"line":10}},"branchMap":{},"s":{"0":1,"1":1,"2":1,"3":1,"4":1,"5":1,"6":1,"7":1},"f":{"0":1,"1":1},"b":{},"_coverageSchema":"1a1c01bbd47fc00a2c39e90264f33305004495a9","hash":"8288e6f75adaa73f620cebdd7b6af04f57eb4e9e"}
,"E:\\GA 16\\Project Final\\GITLAB\\be_lektur\\routes\\appointment.js": {"path":"E:\\GA 16\\Project Final\\GITLAB\\be_lektur\\routes\\appointment.js","statementMap":{"0":{"start":{"line":1,"column":15},"end":{"line":1,"column":42}},"1":{"start":{"line":2,"column":27},"end":{"line":2,"column":64}},"2":{"start":{"line":3,"column":20},"end":{"line":3,"column":54}},"3":{"start":{"line":5,"column":0},"end":{"line":5,"column":33}},"4":{"start":{"line":6,"column":0},"end":{"line":6,"column":34}},"5":{"start":{"line":8,"column":0},"end":{"line":8,"column":24}}},"fnMap":{},"branchMap":{},"s":{"0":1,"1":1,"2":1,"3":1,"4":1,"5":1},"f":{},"b":{},"_coverageSchema":"1a1c01bbd47fc00a2c39e90264f33305004495a9","hash":"b260376075a7a6528e441ccc9feba7ef5833af48"}
,"E:\\GA 16\\Project Final\\GITLAB\\be_lektur\\routes\\content.js": {"path":"E:\\GA 16\\Project Final\\GITLAB\\be_lektur\\routes\\content.js","statementMap":{"0":{"start":{"line":12,"column":4},"end":{"line":12,"column":37}},"1":{"start":{"line":14,"column":15},"end":{"line":14,"column":42}},"2":{"start":{"line":16,"column":0},"end":{"line":16,"column":43}},"3":{"start":{"line":17,"column":0},"end":{"line":17,"column":47}},"4":{"start":{"line":18,"column":0},"end":{"line":18,"column":45}},"5":{"start":{"line":19,"column":0},"end":{"line":19,"column":49}},"6":{"start":{"line":20,"column":0},"end":{"line":20,"column":35}},"7":{"start":{"line":21,"column":0},"end":{"line":21,"column":39}},"8":{"start":{"line":22,"column":0},"end":{"line":22,"column":31}},"9":{"start":{"line":23,"column":0},"end":{"line":23,"column":35}},"10":{"start":{"line":24,"column":0},"end":{"line":24,"column":43}},"11":{"start":{"line":25,"column":0},"end":{"line":25,"column":47}},"12":{"start":{"line":26,"column":0},"end":{"line":26,"column":24}}},"fnMap":{},"branchMap":{},"s":{"0":1,"1":1,"2":1,"3":1,"4":1,"5":1,"6":1,"7":1,"8":1,"9":1,"10":1,"11":1,"12":1},"f":{},"b":{},"_coverageSchema":"1a1c01bbd47fc00a2c39e90264f33305004495a9","hash":"349bf32673238a2b0e9528bba40551fdfadb072a"}
,"E:\\GA 16\\Project Final\\GITLAB\\be_lektur\\routes\\customer.js": {"path":"E:\\GA 16\\Project Final\\GITLAB\\be_lektur\\routes\\customer.js","statementMap":{"0":{"start":{"line":1,"column":24},"end":{"line":1,"column":54}},"1":{"start":{"line":2,"column":15},"end":{"line":2,"column":42}},"2":{"start":{"line":3,"column":20},"end":{"line":3,"column":54}},"3":{"start":{"line":5,"column":0},"end":{"line":5,"column":38}},"4":{"start":{"line":6,"column":0},"end":{"line":6,"column":24}}},"fnMap":{},"branchMap":{},"s":{"0":1,"1":1,"2":1,"3":1,"4":1},"f":{},"b":{},"_coverageSchema":"1a1c01bbd47fc00a2c39e90264f33305004495a9","hash":"ec92ba285ec9ef22e5de65b857e33d05deed58ee"}
,"E:\\GA 16\\Project Final\\GITLAB\\be_lektur\\routes\\favorite.js": {"path":"E:\\GA 16\\Project Final\\GITLAB\\be_lektur\\routes\\favorite.js","statementMap":{"0":{"start":{"line":1,"column":15},"end":{"line":1,"column":42}},"1":{"start":{"line":7,"column":4},"end":{"line":7,"column":38}},"2":{"start":{"line":8,"column":20},"end":{"line":8,"column":54}},"3":{"start":{"line":10,"column":0},"end":{"line":10,"column":49}},"4":{"start":{"line":11,"column":0},"end":{"line":11,"column":53}},"5":{"start":{"line":12,"column":0},"end":{"line":12,"column":55}},"6":{"start":{"line":14,"column":0},"end":{"line":14,"column":24}}},"fnMap":{},"branchMap":{},"s":{"0":1,"1":1,"2":1,"3":1,"4":1,"5":1,"6":1},"f":{},"b":{},"_coverageSchema":"1a1c01bbd47fc00a2c39e90264f33305004495a9","hash":"6c08ce115b571e1328a633382435c2472dcb42f9"}
,"E:\\GA 16\\Project Final\\GITLAB\\be_lektur\\routes\\index.js": {"path":"E:\\GA 16\\Project Final\\GITLAB\\be_lektur\\routes\\index.js","statementMap":{"0":{"start":{"line":1,"column":16},"end":{"line":1,"column":34}},"1":{"start":{"line":2,"column":15},"end":{"line":2,"column":31}},"2":{"start":{"line":3,"column":17},"end":{"line":3,"column":38}},"3":{"start":{"line":4,"column":13},"end":{"line":4,"column":30}},"4":{"start":{"line":5,"column":16},"end":{"line":5,"column":36}},"5":{"start":{"line":6,"column":17},"end":{"line":6,"column":38}},"6":{"start":{"line":7,"column":16},"end":{"line":7,"column":36}},"7":{"start":{"line":8,"column":17},"end":{"line":8,"column":38}},"8":{"start":{"line":9,"column":20},"end":{"line":9,"column":44}},"9":{"start":{"line":10,"column":17},"end":{"line":10,"column":38}},"10":{"start":{"line":11,"column":17},"end":{"line":11,"column":38}},"11":{"start":{"line":13,"column":0},"end":{"line":13,"column":26}},"12":{"start":{"line":14,"column":0},"end":{"line":14,"column":34}},"13":{"start":{"line":15,"column":0},"end":{"line":15,"column":32}},"14":{"start":{"line":16,"column":0},"end":{"line":16,"column":34}},"15":{"start":{"line":17,"column":0},"end":{"line":17,"column":40}},"16":{"start":{"line":18,"column":0},"end":{"line":18,"column":32}},"17":{"start":{"line":19,"column":0},"end":{"line":19,"column":34}},"18":{"start":{"line":20,"column":0},"end":{"line":20,"column":34}},"19":{"start":{"line":21,"column":0},"end":{"line":21,"column":34}},"20":{"start":{"line":23,"column":0},"end":{"line":23,"column":24}}},"fnMap":{},"branchMap":{},"s":{"0":1,"1":1,"2":1,"3":1,"4":1,"5":1,"6":1,"7":1,"8":1,"9":1,"10":1,"11":1,"12":1,"13":1,"14":1,"15":1,"16":1,"17":1,"18":1,"19":1,"20":1},"f":{},"b":{},"_coverageSchema":"1a1c01bbd47fc00a2c39e90264f33305004495a9","hash":"15e10a7b06aa049c1b1c131b2a3f410ab9e4656e"}
,"E:\\GA 16\\Project Final\\GITLAB\\be_lektur\\routes\\overview.js": {"path":"E:\\GA 16\\Project Final\\GITLAB\\be_lektur\\routes\\overview.js","statementMap":{"0":{"start":{"line":5,"column":4},"end":{"line":5,"column":38}},"1":{"start":{"line":6,"column":20},"end":{"line":6,"column":54}},"2":{"start":{"line":8,"column":15},"end":{"line":8,"column":42}},"3":{"start":{"line":10,"column":0},"end":{"line":10,"column":44}},"4":{"start":{"line":11,"column":0},"end":{"line":11,"column":60}},"5":{"start":{"line":12,"column":0},"end":{"line":12,"column":52}},"6":{"start":{"line":13,"column":0},"end":{"line":13,"column":24}}},"fnMap":{},"branchMap":{},"s":{"0":1,"1":1,"2":1,"3":1,"4":1,"5":1,"6":1},"f":{},"b":{},"_coverageSchema":"1a1c01bbd47fc00a2c39e90264f33305004495a9","hash":"f13c0a9a1b7a367758cc9eb436722f7d59938b78"}
,"E:\\GA 16\\Project Final\\GITLAB\\be_lektur\\routes\\project.js": {"path":"E:\\GA 16\\Project Final\\GITLAB\\be_lektur\\routes\\project.js","statementMap":{"0":{"start":{"line":1,"column":15},"end":{"line":1,"column":42}},"1":{"start":{"line":7,"column":4},"end":{"line":7,"column":37}},"2":{"start":{"line":8,"column":29},"end":{"line":8,"column":65}},"3":{"start":{"line":9,"column":29},"end":{"line":9,"column":63}},"4":{"start":{"line":11,"column":0},"end":{"line":11,"column":46}},"5":{"start":{"line":12,"column":0},"end":{"line":17,"column":2}},"6":{"start":{"line":18,"column":0},"end":{"line":18,"column":65}},"7":{"start":{"line":20,"column":0},"end":{"line":20,"column":24}}},"fnMap":{},"branchMap":{},"s":{"0":1,"1":1,"2":1,"3":1,"4":1,"5":1,"6":1,"7":1},"f":{},"b":{},"_coverageSchema":"1a1c01bbd47fc00a2c39e90264f33305004495a9","hash":"0cf23a3f1a86a07b0481aff82028234072b715ba"}
,"E:\\GA 16\\Project Final\\GITLAB\\be_lektur\\routes\\showcase.js": {"path":"E:\\GA 16\\Project Final\\GITLAB\\be_lektur\\routes\\showcase.js","statementMap":{"0":{"start":{"line":1,"column":15},"end":{"line":1,"column":42}},"1":{"start":{"line":11,"column":4},"end":{"line":11,"column":38}},"2":{"start":{"line":12,"column":23},"end":{"line":12,"column":53}},"3":{"start":{"line":13,"column":29},"end":{"line":13,"column":65}},"4":{"start":{"line":14,"column":20},"end":{"line":14,"column":54}},"5":{"start":{"line":16,"column":0},"end":{"line":16,"column":35}},"6":{"start":{"line":17,"column":0},"end":{"line":17,"column":32}},"7":{"start":{"line":18,"column":0},"end":{"line":18,"column":36}},"8":{"start":{"line":19,"column":0},"end":{"line":19,"column":55}},"9":{"start":{"line":20,"column":0},"end":{"line":20,"column":55}},"10":{"start":{"line":21,"column":0},"end":{"line":26,"column":2}},"11":{"start":{"line":27,"column":0},"end":{"line":32,"column":2}},"12":{"start":{"line":33,"column":0},"end":{"line":33,"column":67}},"13":{"start":{"line":34,"column":0},"end":{"line":34,"column":55}},"14":{"start":{"line":36,"column":0},"end":{"line":36,"column":24}}},"fnMap":{},"branchMap":{},"s":{"0":1,"1":1,"2":1,"3":1,"4":1,"5":1,"6":1,"7":1,"8":1,"9":1,"10":1,"11":1,"12":1,"13":1,"14":1},"f":{},"b":{},"_coverageSchema":"1a1c01bbd47fc00a2c39e90264f33305004495a9","hash":"3da2a2794bf9a45d83f17621241283b759e8346b"}
,"E:\\GA 16\\Project Final\\GITLAB\\be_lektur\\routes\\timeslot.js": {"path":"E:\\GA 16\\Project Final\\GITLAB\\be_lektur\\routes\\timeslot.js","statementMap":{"0":{"start":{"line":1,"column":15},"end":{"line":1,"column":42}},"1":{"start":{"line":2,"column":49},"end":{"line":2,"column":83}},"2":{"start":{"line":3,"column":20},"end":{"line":3,"column":54}},"3":{"start":{"line":5,"column":0},"end":{"line":5,"column":24}},"4":{"start":{"line":6,"column":0},"end":{"line":6,"column":48}},"5":{"start":{"line":7,"column":0},"end":{"line":7,"column":45}},"6":{"start":{"line":9,"column":0},"end":{"line":9,"column":23}}},"fnMap":{},"branchMap":{},"s":{"0":1,"1":1,"2":1,"3":1,"4":1,"5":1,"6":1},"f":{},"b":{},"_coverageSchema":"1a1c01bbd47fc00a2c39e90264f33305004495a9","hash":"45777e8b2449b00807c79e2c3d7f5ea5ded7b674"}
,"E:\\GA 16\\Project Final\\GITLAB\\be_lektur\\routes\\user.js": {"path":"E:\\GA 16\\Project Final\\GITLAB\\be_lektur\\routes\\user.js","statementMap":{"0":{"start":{"line":1,"column":15},"end":{"line":1,"column":42}},"1":{"start":{"line":10,"column":4},"end":{"line":10,"column":34}},"2":{"start":{"line":11,"column":29},"end":{"line":11,"column":63}},"3":{"start":{"line":12,"column":29},"end":{"line":12,"column":65}},"4":{"start":{"line":13,"column":17},"end":{"line":13,"column":46}},"5":{"start":{"line":17,"column":4},"end":{"line":17,"column":42}},"6":{"start":{"line":19,"column":0},"end":{"line":19,"column":33}},"7":{"start":{"line":20,"column":0},"end":{"line":20,"column":35}},"8":{"start":{"line":21,"column":0},"end":{"line":21,"column":29}},"9":{"start":{"line":22,"column":0},"end":{"line":22,"column":77}},"10":{"start":{"line":23,"column":0},"end":{"line":23,"column":35}},"11":{"start":{"line":24,"column":0},"end":{"line":24,"column":37}},"12":{"start":{"line":25,"column":0},"end":{"line":25,"column":44}},"13":{"start":{"line":27,"column":0},"end":{"line":30,"column":2}},"14":{"start":{"line":31,"column":0},"end":{"line":37,"column":2}},"15":{"start":{"line":39,"column":0},"end":{"line":42,"column":2}},"16":{"start":{"line":43,"column":0},"end":{"line":49,"column":2}},"17":{"start":{"line":51,"column":0},"end":{"line":51,"column":24}}},"fnMap":{},"branchMap":{},"s":{"0":1,"1":1,"2":1,"3":1,"4":1,"5":1,"6":1,"7":1,"8":1,"9":1,"10":1,"11":1,"12":1,"13":1,"14":1,"15":1,"16":1,"17":1},"f":{},"b":{},"_coverageSchema":"1a1c01bbd47fc00a2c39e90264f33305004495a9","hash":"b27de1df3865a2970224614680ca7d9c24c43d33"}
}
