TN:
SF:app.js
FN:12,(anonymous_0)
FNF:1
FNH:0
FNDA:0,(anonymous_0)
DA:1,2
DA:2,2
DA:3,2
DA:5,2
DA:6,2
DA:7,2
DA:8,2
DA:10,2
DA:12,2
DA:13,0
DA:18,2
DA:20,2
LF:12
LH:11
BRF:0
BRH:0
end_of_record
TN:
SF:config\cloudinary.js
FNF:0
FNH:0
DA:1,2
DA:2,2
DA:4,2
DA:10,2
LF:4
LH:4
BRF:0
BRH:0
end_of_record
TN:
SF:config\config.js
FNF:0
FNH:0
DA:1,2
DA:2,2
LF:2
LH:2
BRF:0
BRH:0
end_of_record
TN:
SF:config\passport.js
FN:5,(anonymous_0)
FN:8,(anonymous_1)
FN:20,(anonymous_2)
FN:34,(anonymous_3)
FNF:4
FNH:0
FNDA:0,(anonymous_0)
FNDA:0,(anonymous_1)
FNDA:0,(anonymous_2)
FNDA:0,(anonymous_3)
DA:1,2
DA:2,2
DA:3,2
DA:5,2
DA:6,0
DA:8,2
DA:9,0
DA:12,2
DA:21,0
DA:26,2
DA:35,0
DA:40,2
LF:12
LH:8
BRF:0
BRH:0
end_of_record
TN:
SF:controllers\appointment.js
FN:16,(anonymous_0)
FN:50,(anonymous_1)
FN:62,(anonymous_2)
FN:63,(anonymous_3)
FN:63,(anonymous_4)
FN:74,(anonymous_5)
FN:161,(anonymous_6)
FN:172,(anonymous_7)
FNF:8
FNH:0
FNDA:0,(anonymous_0)
FNDA:0,(anonymous_1)
FNDA:0,(anonymous_2)
FNDA:0,(anonymous_3)
FNDA:0,(anonymous_4)
FNDA:0,(anonymous_5)
FNDA:0,(anonymous_6)
FNDA:0,(anonymous_7)
DA:11,2
DA:12,2
DA:13,2
DA:15,2
DA:17,0
DA:18,0
DA:19,0
DA:42,0
DA:43,0
DA:44,0
DA:50,0
DA:51,0
DA:61,0
DA:62,0
DA:63,0
DA:64,0
DA:68,0
DA:70,0
DA:75,0
DA:76,0
DA:77,0
DA:78,0
DA:89,0
DA:100,0
DA:101,0
DA:108,0
DA:112,0
DA:116,0
DA:123,0
DA:129,0
DA:130,0
DA:135,0
DA:149,0
DA:150,0
DA:151,0
DA:152,0
DA:153,0
DA:155,0
DA:160,0
DA:161,0
DA:162,0
DA:163,0
DA:164,0
DA:169,0
DA:171,0
DA:172,0
DA:173,0
DA:174,0
DA:175,0
DA:180,0
DA:182,0
DA:183,0
DA:185,0
LF:53
LH:4
BRDA:43,0,0,0
BRDA:43,0,1,0
BRDA:100,1,0,0
BRDA:100,1,1,0
BRDA:129,2,0,0
BRDA:129,2,1,0
BRF:6
BRH:0
end_of_record
TN:
SF:controllers\content.js
FN:12,(anonymous_0)
FN:21,(anonymous_1)
FN:43,(anonymous_2)
FN:52,(anonymous_3)
FN:74,(anonymous_4)
FN:83,(anonymous_5)
FN:105,(anonymous_6)
FN:114,(anonymous_7)
FN:136,(anonymous_8)
FN:145,(anonymous_9)
FNF:10
FNH:0
FNDA:0,(anonymous_0)
FNDA:0,(anonymous_1)
FNDA:0,(anonymous_2)
FNDA:0,(anonymous_3)
FNDA:0,(anonymous_4)
FNDA:0,(anonymous_5)
FNDA:0,(anonymous_6)
FNDA:0,(anonymous_7)
FNDA:0,(anonymous_8)
FNDA:0,(anonymous_9)
DA:7,2
DA:8,2
DA:9,2
DA:11,2
DA:13,0
DA:14,0
DA:15,0
DA:17,0
DA:22,0
DA:23,0
DA:24,0
DA:25,0
DA:26,0
DA:27,0
DA:32,0
DA:33,0
DA:39,0
DA:44,0
DA:45,0
DA:46,0
DA:48,0
DA:53,0
DA:54,0
DA:55,0
DA:56,0
DA:57,0
DA:58,0
DA:63,0
DA:64,0
DA:70,0
DA:75,0
DA:76,0
DA:77,0
DA:79,0
DA:84,0
DA:85,0
DA:86,0
DA:87,0
DA:88,0
DA:89,0
DA:94,0
DA:95,0
DA:101,0
DA:106,0
DA:107,0
DA:108,0
DA:110,0
DA:115,0
DA:116,0
DA:117,0
DA:118,0
DA:119,0
DA:120,0
DA:125,0
DA:126,0
DA:132,0
DA:137,0
DA:138,0
DA:139,0
DA:141,0
DA:146,0
DA:147,0
DA:148,0
DA:149,0
DA:150,0
DA:151,0
DA:156,0
DA:157,0
DA:163,0
LF:69
LH:4
BRDA:26,0,0,0
BRDA:26,0,1,0
BRDA:57,1,0,0
BRDA:57,1,1,0
BRDA:88,2,0,0
BRDA:88,2,1,0
BRDA:119,3,0,0
BRDA:119,3,1,0
BRDA:150,4,0,0
BRDA:150,4,1,0
BRF:10
BRH:0
end_of_record
TN:
SF:controllers\favorite.js
FN:13,(anonymous_0)
FN:63,(anonymous_1)
FN:85,(anonymous_2)
FNF:3
FNH:0
FNDA:0,(anonymous_0)
FNDA:0,(anonymous_1)
FNDA:0,(anonymous_2)
DA:7,2
DA:8,2
DA:9,2
DA:10,2
DA:12,2
DA:14,0
DA:15,0
DA:17,0
DA:58,0
DA:60,0
DA:64,0
DA:65,0
DA:66,0
DA:67,0
DA:73,0
DA:74,0
DA:79,0
DA:80,0
DA:82,0
DA:86,0
DA:87,0
DA:88,0
DA:89,0
DA:92,0
DA:93,0
DA:98,0
DA:103,0
LF:27
LH:5
BRDA:73,0,0,0
BRDA:73,0,1,0
BRDA:92,1,0,0
BRDA:92,1,1,0
BRF:4
BRH:0
end_of_record
TN:
SF:controllers\overview.js
FN:16,(anonymous_0)
FN:62,(anonymous_1)
FN:63,(anonymous_2)
FN:64,(anonymous_3)
FN:81,(anonymous_4)
FN:95,(anonymous_5)
FN:96,(anonymous_6)
FN:97,(anonymous_7)
FN:98,(anonymous_8)
FN:115,(anonymous_9)
FN:129,(anonymous_10)
FN:130,(anonymous_11)
FN:131,(anonymous_12)
FN:132,(anonymous_13)
FNF:14
FNH:0
FNDA:0,(anonymous_0)
FNDA:0,(anonymous_1)
FNDA:0,(anonymous_2)
FNDA:0,(anonymous_3)
FNDA:0,(anonymous_4)
FNDA:0,(anonymous_5)
FNDA:0,(anonymous_6)
FNDA:0,(anonymous_7)
FNDA:0,(anonymous_8)
FNDA:0,(anonymous_9)
FNDA:0,(anonymous_10)
FNDA:0,(anonymous_11)
FNDA:0,(anonymous_12)
FNDA:0,(anonymous_13)
DA:2,2
DA:11,2
DA:12,2
DA:13,2
DA:15,2
DA:17,0
DA:18,0
DA:19,0
DA:20,0
DA:21,0
DA:22,0
DA:24,0
DA:60,0
DA:62,0
DA:63,0
DA:64,0
DA:66,0
DA:67,0
DA:68,0
DA:69,0
DA:70,0
DA:71,0
DA:72,0
DA:78,0
DA:82,0
DA:83,0
DA:84,0
DA:86,0
DA:94,0
DA:95,0
DA:96,0
DA:97,0
DA:98,0
DA:99,0
DA:106,0
DA:112,0
DA:116,0
DA:117,0
DA:118,0
DA:120,0
DA:128,0
DA:129,0
DA:130,0
DA:131,0
DA:132,0
DA:133,0
DA:140,0
DA:146,0
LF:48
LH:5
BRF:0
BRH:0
end_of_record
TN:
SF:controllers\passportCont.js
FN:7,(anonymous_0)
FN:35,(anonymous_1)
FNF:2
FNH:0
FNDA:0,(anonymous_0)
FNDA:0,(anonymous_1)
DA:1,2
DA:2,2
DA:3,2
DA:4,2
DA:6,2
DA:8,0
DA:11,0
DA:12,0
DA:14,0
DA:15,0
DA:23,0
DA:27,0
DA:31,0
DA:36,0
DA:38,0
DA:39,0
DA:40,0
DA:41,0
DA:42,0
DA:50,0
DA:54,0
DA:58,0
LF:22
LH:5
BRDA:14,0,0,0
BRDA:14,0,1,0
BRDA:41,1,0,0
BRDA:41,1,1,0
BRF:4
BRH:0
end_of_record
TN:
SF:controllers\project.js
FN:17,(anonymous_0)
FN:108,(anonymous_1)
FN:175,(anonymous_2)
FNF:3
FNH:0
FNDA:0,(anonymous_0)
FNDA:0,(anonymous_1)
FNDA:0,(anonymous_2)
DA:10,2
DA:11,2
DA:12,2
DA:13,2
DA:14,2
DA:16,2
DA:18,0
DA:19,0
DA:90,0
DA:91,0
DA:92,0
DA:103,0
DA:105,0
DA:109,0
DA:110,0
DA:111,0
DA:112,0
DA:113,0
DA:114,0
DA:115,0
DA:122,0
DA:127,0
DA:131,0
DA:132,0
DA:138,0
DA:154,0
DA:155,0
DA:160,0
DA:166,0
DA:172,0
DA:176,0
DA:177,0
DA:178,0
DA:179,0
DA:182,0
DA:185,0
DA:186,0
DA:189,0
DA:190,0
DA:195,0
DA:212,0
DA:213,0
DA:218,0
DA:223,0
LF:44
LH:6
BRDA:92,0,0,0
BRDA:92,0,1,0
BRDA:94,1,0,0
BRDA:94,1,1,0
BRDA:96,2,0,0
BRDA:96,2,1,0
BRDA:98,3,0,0
BRDA:98,3,1,0
BRDA:114,4,0,0
BRDA:114,4,1,0
BRDA:131,5,0,0
BRDA:131,5,1,0
BRDA:154,6,0,0
BRDA:154,6,1,0
BRDA:189,7,0,0
BRDA:189,7,1,0
BRDA:212,8,0,0
BRDA:212,8,1,0
BRF:18
BRH:0
end_of_record
TN:
SF:controllers\showcase.js
FN:25,(anonymous_0)
FN:142,(anonymous_1)
FN:375,(anonymous_2)
FN:389,(anonymous_3)
FN:410,(anonymous_4)
FN:460,(anonymous_5)
FN:484,(anonymous_6)
FN:538,(anonymous_7)
FN:606,(anonymous_8)
FN:616,(anonymous_9)
FN:626,(anonymous_10)
FN:660,(anonymous_11)
FN:726,(anonymous_12)
FN:736,(anonymous_13)
FN:746,(anonymous_14)
FNF:15
FNH:0
FNDA:0,(anonymous_0)
FNDA:0,(anonymous_1)
FNDA:0,(anonymous_2)
FNDA:0,(anonymous_3)
FNDA:0,(anonymous_4)
FNDA:0,(anonymous_5)
FNDA:0,(anonymous_6)
FNDA:0,(anonymous_7)
FNDA:0,(anonymous_8)
FNDA:0,(anonymous_9)
FNDA:0,(anonymous_10)
FNDA:0,(anonymous_11)
FNDA:0,(anonymous_12)
FNDA:0,(anonymous_13)
FNDA:0,(anonymous_14)
DA:18,2
DA:19,2
DA:20,2
DA:21,2
DA:22,2
DA:24,2
DA:26,0
DA:27,0
DA:28,0
DA:30,0
DA:31,0
DA:32,0
DA:35,0
DA:36,0
DA:42,0
DA:43,0
DA:48,0
DA:109,0
DA:110,0
DA:116,0
DA:117,0
DA:124,0
DA:125,0
DA:127,0
DA:130,0
DA:133,0
DA:139,0
DA:143,0
DA:144,0
DA:145,0
DA:148,0
DA:149,0
DA:150,0
DA:153,0
DA:154,0
DA:156,0
DA:157,0
DA:162,0
DA:163,0
DA:166,0
DA:167,0
DA:168,0
DA:171,0
DA:172,0
DA:173,0
DA:176,0
DA:177,0
DA:178,0
DA:185,0
DA:271,0
DA:346,0
DA:348,0
DA:350,0
DA:352,0
DA:353,0
DA:357,0
DA:358,0
DA:361,0
DA:362,0
DA:365,0
DA:366,0
DA:367,0
DA:368,0
DA:369,0
DA:371,0
DA:375,0
DA:376,0
DA:379,0
DA:386,0
DA:390,0
DA:391,0
DA:392,0
DA:401,0
DA:407,0
DA:411,0
DA:412,0
DA:413,0
DA:443,0
DA:444,0
DA:451,0
DA:457,0
DA:461,0
DA:462,0
DA:475,0
DA:481,0
DA:485,0
DA:486,0
DA:487,0
DA:488,0
DA:489,0
DA:492,0
DA:495,0
DA:498,0
DA:499,0
DA:506,0
DA:507,0
DA:509,0
DA:512,0
DA:521,0
DA:522,0
DA:528,0
DA:529,0
DA:535,0
DA:539,0
DA:540,0
DA:541,0
DA:544,0
DA:545,0
DA:547,0
DA:548,0
DA:556,0
DA:567,0
DA:571,0
DA:572,0
DA:578,0
DA:579,0
DA:586,0
DA:597,0
DA:598,0
DA:599,0
DA:600,0
DA:601,0
DA:602,0
DA:603,0
DA:605,0
DA:606,0
DA:607,0
DA:608,0
DA:613,0
DA:615,0
DA:616,0
DA:617,0
DA:618,0
DA:623,0
DA:625,0
DA:626,0
DA:627,0
DA:628,0
DA:633,0
DA:635,0
DA:636,0
DA:642,0
DA:644,0
DA:645,0
DA:650,0
DA:656,0
DA:657,0
DA:661,0
DA:662,0
DA:663,0
DA:666,0
DA:667,0
DA:669,0
DA:670,0
DA:678,0
DA:688,0
DA:692,0
DA:693,0
DA:699,0
DA:700,0
DA:707,0
DA:717,0
DA:718,0
DA:719,0
DA:720,0
DA:721,0
DA:722,0
DA:723,0
DA:725,0
DA:726,0
DA:727,0
DA:728,0
DA:733,0
DA:735,0
DA:736,0
DA:737,0
DA:738,0
DA:743,0
DA:745,0
DA:746,0
DA:747,0
DA:748,0
DA:753,0
DA:755,0
DA:756,0
DA:762,0
DA:764,0
DA:765,0
DA:770,0
DA:776,0
DA:777,0
LF:191
LH:6
BRDA:30,0,0,0
BRDA:30,0,1,0
BRDA:35,1,0,0
BRDA:35,1,1,0
BRDA:42,2,0,0
BRDA:42,2,1,0
BRDA:109,3,0,0
BRDA:109,3,1,0
BRDA:116,4,0,0
BRDA:116,4,1,0
BRDA:124,5,0,0
BRDA:124,5,1,0
BRDA:148,6,0,0
BRDA:148,6,1,0
BRDA:153,7,0,0
BRDA:153,7,1,0
BRDA:156,8,0,0
BRDA:156,8,1,0
BRDA:162,9,0,0
BRDA:162,9,1,0
BRDA:167,10,0,0
BRDA:167,10,1,0
BRDA:172,11,0,0
BRDA:172,11,1,0
BRDA:177,12,0,0
BRDA:177,12,1,0
BRDA:210,13,0,0
BRDA:210,13,1,0
BRDA:242,14,0,0
BRDA:242,14,1,0
BRDA:295,15,0,0
BRDA:295,15,1,0
BRDA:326,16,0,0
BRDA:326,16,1,0
BRDA:352,17,0,0
BRDA:352,17,1,0
BRDA:361,18,0,0
BRDA:361,18,1,0
BRDA:367,19,0,0
BRDA:367,19,1,0
BRDA:376,20,0,0
BRDA:376,20,1,0
BRDA:376,21,0,0
BRDA:376,21,1,0
BRDA:397,22,0,0
BRDA:397,22,1,0
BRDA:397,23,0,0
BRDA:397,23,1,0
BRDA:443,24,0,0
BRDA:443,24,1,0
BRDA:498,25,0,0
BRDA:498,25,1,0
BRDA:506,26,0,0
BRDA:506,26,1,0
BRDA:521,27,0,0
BRDA:521,27,1,0
BRDA:547,28,0,0
BRDA:547,28,1,0
BRDA:547,29,0,0
BRDA:547,29,1,0
BRDA:571,30,0,0
BRDA:571,30,1,0
BRDA:578,31,0,0
BRDA:578,31,1,0
BRDA:656,32,0,0
BRDA:656,32,1,0
BRDA:669,33,0,0
BRDA:669,33,1,0
BRDA:669,34,0,0
BRDA:669,34,1,0
BRDA:692,35,0,0
BRDA:692,35,1,0
BRDA:699,36,0,0
BRDA:699,36,1,0
BRDA:776,37,0,0
BRDA:776,37,1,0
BRF:76
BRH:0
end_of_record
TN:
SF:controllers\timeslot.js
FN:5,(anonymous_0)
FN:18,(anonymous_1)
FN:19,(anonymous_2)
FN:30,(anonymous_3)
FN:44,(anonymous_4)
FN:56,(anonymous_5)
FNF:6
FNH:0
FNDA:0,(anonymous_0)
FNDA:0,(anonymous_1)
FNDA:0,(anonymous_2)
FNDA:0,(anonymous_3)
FNDA:0,(anonymous_4)
FNDA:0,(anonymous_5)
DA:1,2
DA:2,2
DA:4,2
DA:6,0
DA:7,0
DA:8,0
DA:9,0
DA:18,0
DA:19,0
DA:20,0
DA:21,0
DA:22,0
DA:28,0
DA:30,0
DA:31,0
DA:32,0
DA:34,0
DA:36,0
DA:38,0
DA:40,0
DA:45,0
DA:46,0
DA:47,0
DA:48,0
DA:50,0
DA:52,0
DA:57,0
DA:58,0
DA:59,0
DA:60,0
DA:61,0
DA:67,0
DA:69,0
LF:33
LH:3
BRDA:31,0,0,0
BRDA:31,0,1,0
BRF:2
BRH:0
end_of_record
TN:
SF:controllers\user.js
FN:22,(anonymous_0)
FN:43,(anonymous_1)
FN:110,(anonymous_2)
FN:164,(anonymous_3)
FN:221,(anonymous_4)
FN:275,(anonymous_5)
FN:310,(anonymous_6)
FN:359,(anonymous_7)
FN:427,(anonymous_8)
FNF:9
FNH:9
FNDA:1,(anonymous_0)
FNDA:5,(anonymous_1)
FNDA:6,(anonymous_2)
FNDA:2,(anonymous_3)
FNDA:2,(anonymous_4)
FNDA:2,(anonymous_5)
FNDA:3,(anonymous_6)
FNDA:4,(anonymous_7)
FNDA:2,(anonymous_8)
DA:9,2
DA:10,2
DA:11,2
DA:16,2
DA:17,2
DA:18,2
DA:19,2
DA:21,2
DA:23,1
DA:24,1
DA:25,1
DA:33,1
DA:39,0
DA:44,5
DA:45,5
DA:46,5
DA:53,5
DA:54,5
DA:55,1
DA:60,4
DA:61,4
DA:62,1
DA:69,3
DA:70,3
DA:71,1
DA:76,2
DA:77,2
DA:84,2
DA:85,0
DA:91,2
DA:100,2
DA:106,0
DA:111,6
DA:112,6
DA:113,6
DA:118,6
DA:119,6
DA:120,1
DA:126,5
DA:132,5
DA:133,1
DA:138,4
DA:139,4
DA:140,1
DA:145,3
DA:154,3
DA:160,0
DA:165,2
DA:166,2
DA:167,2
DA:168,2
DA:169,2
DA:173,2
DA:180,2
DA:181,2
DA:184,2
DA:187,2
DA:188,1
DA:194,1
DA:200,1
DA:201,0
DA:206,1
DA:211,1
DA:217,0
DA:222,2
DA:223,2
DA:224,2
DA:225,2
DA:226,2
DA:231,2
DA:259,2
DA:260,1
DA:264,1
DA:266,1
DA:272,0
DA:276,2
DA:277,2
DA:278,2
DA:279,2
DA:280,1
DA:285,1
DA:290,1
DA:299,1
DA:306,0
DA:311,3
DA:312,3
DA:313,3
DA:318,3
DA:319,3
DA:320,1
DA:326,2
DA:332,2
DA:333,1
DA:339,1
DA:340,1
DA:344,1
DA:349,1
DA:355,0
DA:360,4
DA:361,4
DA:362,4
DA:368,4
DA:369,4
DA:370,1
DA:375,3
DA:376,3
DA:377,1
DA:383,2
DA:384,2
DA:385,1
DA:390,1
DA:391,1
DA:392,1
DA:400,1
DA:401,0
DA:408,1
DA:417,1
DA:423,0
DA:428,2
DA:429,2
DA:430,2
DA:451,2
DA:457,0
LF:123
LH:111
BRDA:54,0,0,1
BRDA:54,0,1,4
BRDA:61,1,0,1
BRDA:61,1,1,3
BRDA:70,2,0,1
BRDA:70,2,1,2
BRDA:84,3,0,0
BRDA:84,3,1,2
BRDA:119,4,0,1
BRDA:119,4,1,5
BRDA:132,5,0,1
BRDA:132,5,1,4
BRDA:139,6,0,1
BRDA:139,6,1,3
BRDA:169,7,0,0
BRDA:169,7,1,2
BRDA:180,8,0,2
BRDA:180,8,1,0
BRDA:187,9,0,1
BRDA:187,9,1,1
BRDA:200,10,0,0
BRDA:200,10,1,1
BRDA:225,11,0,2
BRDA:225,11,1,0
BRDA:259,12,0,1
BRDA:259,12,1,1
BRDA:279,13,0,1
BRDA:279,13,1,1
BRDA:319,14,0,1
BRDA:319,14,1,2
BRDA:332,15,0,1
BRDA:332,15,1,1
BRDA:369,16,0,1
BRDA:369,16,1,3
BRDA:376,17,0,1
BRDA:376,17,1,2
BRDA:384,18,0,1
BRDA:384,18,1,1
BRDA:400,19,0,0
BRDA:400,19,1,1
BRDA:436,20,0,0
BRDA:436,20,1,2
BRDA:436,21,0,1
BRDA:436,21,1,1
BRF:44
BRH:37
end_of_record
TN:
SF:helpers\bcrypt.js
FN:4,(anonymous_0)
FN:8,(anonymous_1)
FN:12,(anonymous_2)
FNF:3
FNH:3
FNDA:7,(anonymous_0)
FNDA:4,(anonymous_1)
FNDA:7,(anonymous_2)
DA:1,2
DA:3,2
DA:5,7
DA:6,7
DA:9,4
DA:10,4
DA:13,7
DA:14,7
DA:15,2
DA:17,5
LF:10
LH:10
BRDA:14,0,0,2
BRDA:14,0,1,5
BRF:2
BRH:2
end_of_record
TN:
SF:helpers\error-handler.js
FN:1,(anonymous_0)
FNF:1
FNH:0
FNDA:0,(anonymous_0)
DA:1,2
DA:2,0
LF:2
LH:1
BRF:0
BRH:0
end_of_record
TN:
SF:helpers\jwt.js
FN:4,(anonymous_0)
FN:10,(anonymous_1)
FNF:2
FNH:2
FNDA:6,(anonymous_0)
FNDA:9,(anonymous_1)
DA:1,2
DA:3,2
DA:5,6
DA:8,6
DA:11,9
DA:12,9
LF:6
LH:6
BRF:0
BRH:0
end_of_record
TN:
SF:helpers\mail-sender.js
FN:5,(anonymous_0)
FNF:1
FNH:1
FNDA:1,(anonymous_0)
DA:2,2
DA:4,2
DA:7,1
DA:19,1
LF:4
LH:4
BRF:0
BRH:0
end_of_record
TN:
SF:helpers\multerFilter.js
FN:2,(anonymous_0)
FNF:1
FNH:1
FNDA:2,(anonymous_0)
DA:1,2
DA:3,2
DA:4,2
DA:11,0
DA:14,2
DA:15,0
DA:17,2
LF:7
LH:5
BRDA:4,0,0,0
BRDA:4,0,1,2
BRDA:6,1,0,2
BRDA:6,1,1,0
BRDA:6,1,2,0
BRDA:14,2,0,0
BRDA:14,2,1,2
BRF:7
BRH:3
end_of_record
TN:
SF:middlewares\uploadFile.js
FN:8,(anonymous_0)
FN:11,(anonymous_1)
FN:22,(anonymous_2)
FN:23,(anonymous_3)
FN:31,(anonymous_4)
FN:34,(anonymous_5)
FN:45,(anonymous_6)
FN:46,(anonymous_7)
FNF:8
FNH:5
FNDA:4,(anonymous_0)
FNDA:2,(anonymous_1)
FNDA:2,(anonymous_2)
FNDA:2,(anonymous_3)
FNDA:4,(anonymous_4)
FNDA:0,(anonymous_5)
FNDA:0,(anonymous_6)
FNDA:0,(anonymous_7)
DA:1,2
DA:2,2
DA:3,2
DA:4,2
DA:5,2
DA:7,2
DA:9,4
DA:12,2
DA:20,4
DA:22,4
DA:23,2
DA:24,2
DA:25,0
DA:27,2
DA:32,4
DA:35,0
DA:43,4
DA:45,4
DA:46,0
DA:47,0
DA:48,0
DA:50,0
LF:22
LH:16
BRDA:24,0,0,0
BRDA:24,0,1,2
BRDA:47,1,0,0
BRDA:47,1,1,0
BRF:4
BRH:1
end_of_record
TN:
SF:middlewares\userAuth.js
FN:8,(anonymous_0)
FN:78,(anonymous_1)
FNF:2
FNH:2
FNDA:3,(anonymous_0)
FNDA:7,(anonymous_1)
DA:1,2
DA:2,2
DA:3,2
DA:4,2
DA:7,2
DA:9,3
DA:10,3
DA:12,3
DA:13,0
DA:20,3
DA:21,3
DA:23,3
DA:24,0
DA:31,3
DA:37,3
DA:38,0
DA:44,3
DA:49,3
DA:51,0
DA:57,3
DA:66,3
DA:72,3
DA:74,0
DA:79,7
DA:80,7
DA:82,7
DA:83,1
DA:90,6
DA:91,6
DA:93,6
DA:94,0
DA:101,6
DA:107,6
DA:108,0
DA:114,6
DA:119,6
DA:121,0
LF:37
LH:29
BRDA:12,0,0,0
BRDA:12,0,1,3
BRDA:23,1,0,0
BRDA:23,1,1,3
BRDA:37,2,0,0
BRDA:37,2,1,3
BRDA:49,3,0,0
BRDA:49,3,1,3
BRDA:82,4,0,1
BRDA:82,4,1,6
BRDA:93,5,0,0
BRDA:93,5,1,6
BRDA:107,6,0,0
BRDA:107,6,1,6
BRF:14
BRH:8
end_of_record
TN:
SF:models\appointment.js
FN:3,(anonymous_0)
FN:10,(anonymous_1)
FNF:2
FNH:2
FNDA:2,(anonymous_0)
FNDA:2,(anonymous_1)
DA:2,2
DA:3,2
DA:12,2
DA:16,2
DA:20,2
DA:24,2
DA:28,2
DA:32,2
DA:36,2
DA:42,2
DA:63,2
LF:11
LH:11
BRF:0
BRH:0
end_of_record
TN:
SF:models\appointmentjunksection.js
FN:3,(anonymous_0)
FN:10,(anonymous_1)
FNF:2
FNH:2
FNDA:2,(anonymous_0)
FNDA:2,(anonymous_1)
DA:2,2
DA:3,2
DA:12,2
DA:16,2
DA:22,2
DA:32,2
LF:6
LH:6
BRF:0
BRH:0
end_of_record
TN:
SF:models\appointmentjunkstyle.js
FN:3,(anonymous_0)
FN:10,(anonymous_1)
FNF:2
FNH:2
FNDA:2,(anonymous_0)
FNDA:2,(anonymous_1)
DA:2,2
DA:3,2
DA:12,2
DA:16,2
DA:22,2
DA:32,2
LF:6
LH:6
BRF:0
BRH:0
end_of_record
TN:
SF:models\buildingtype.js
FN:3,(anonymous_0)
FN:10,(anonymous_1)
FNF:2
FNH:2
FNDA:2,(anonymous_0)
FNDA:2,(anonymous_1)
DA:2,2
DA:3,2
DA:12,2
DA:18,2
DA:27,2
LF:5
LH:5
BRF:0
BRH:0
end_of_record
TN:
SF:models\favorite.js
FN:3,(anonymous_0)
FN:10,(anonymous_1)
FNF:2
FNH:2
FNDA:2,(anonymous_0)
FNDA:2,(anonymous_1)
DA:2,2
DA:3,2
DA:12,2
DA:16,2
DA:22,2
DA:32,2
LF:6
LH:6
BRF:0
BRH:0
end_of_record
TN:
SF:models\gallery.js
FN:3,(anonymous_0)
FN:10,(anonymous_1)
FNF:2
FNH:2
FNDA:2,(anonymous_0)
FNDA:2,(anonymous_1)
DA:2,2
DA:3,2
DA:12,2
DA:18,2
DA:29,2
LF:5
LH:5
BRF:0
BRH:0
end_of_record
TN:
SF:models\index.js
FN:24,(anonymous_0)
FN:29,(anonymous_1)
FN:37,(anonymous_2)
FNF:3
FNH:3
FNDA:44,(anonymous_0)
FNDA:42,(anonymous_1)
FNDA:42,(anonymous_2)
DA:3,2
DA:4,2
DA:5,2
DA:6,2
DA:7,2
DA:8,2
DA:9,2
DA:12,2
DA:13,0
DA:15,2
DA:23,2
DA:25,44
DA:30,42
DA:34,42
DA:37,2
DA:38,42
DA:39,42
DA:43,2
DA:44,2
DA:46,2
LF:20
LH:19
BRDA:7,0,0,2
BRDA:7,0,1,0
BRDA:12,1,0,0
BRDA:12,1,1,2
BRDA:26,2,0,44
BRDA:26,2,1,44
BRDA:26,2,2,42
BRDA:38,3,0,42
BRDA:38,3,1,0
BRF:9
BRH:6
end_of_record
TN:
SF:models\lastactivity.js
FN:3,(anonymous_0)
FN:10,(anonymous_1)
FNF:2
FNH:2
FNDA:2,(anonymous_0)
FNDA:2,(anonymous_1)
DA:2,2
DA:3,2
DA:12,2
DA:18,2
DA:29,2
LF:5
LH:5
BRF:0
BRH:0
end_of_record
TN:
SF:models\passwordreset.js
FN:3,(anonymous_0)
FN:10,(anonymous_1)
FNF:2
FNH:2
FNDA:2,(anonymous_0)
FNDA:2,(anonymous_1)
DA:2,2
DA:3,2
DA:12,2
DA:18,2
DA:29,2
LF:5
LH:5
BRF:0
BRH:0
end_of_record
TN:
SF:models\project.js
FN:3,(anonymous_0)
FN:10,(anonymous_1)
FNF:2
FNH:2
FNDA:2,(anonymous_0)
FNDA:2,(anonymous_1)
DA:2,2
DA:3,2
DA:12,2
DA:16,2
DA:20,2
DA:24,2
DA:30,2
DA:52,2
LF:8
LH:8
BRF:0
BRH:0
end_of_record
TN:
SF:models\projectdetail.js
FN:3,(anonymous_0)
FN:10,(anonymous_1)
FNF:2
FNH:2
FNDA:2,(anonymous_0)
FNDA:2,(anonymous_1)
DA:2,2
DA:3,2
DA:12,2
DA:16,2
DA:20,2
DA:26,2
DA:40,2
LF:7
LH:7
BRF:0
BRH:0
end_of_record
TN:
SF:models\projecttype.js
FN:3,(anonymous_0)
FN:10,(anonymous_1)
FNF:2
FNH:2
FNDA:2,(anonymous_0)
FNDA:2,(anonymous_1)
DA:2,2
DA:3,2
DA:12,2
DA:16,2
DA:22,2
DA:31,2
LF:6
LH:6
BRF:0
BRH:0
end_of_record
TN:
SF:models\section.js
FN:3,(anonymous_0)
FN:10,(anonymous_1)
FNF:2
FNH:2
FNDA:2,(anonymous_0)
FNDA:2,(anonymous_1)
DA:2,2
DA:3,2
DA:12,2
DA:16,2
DA:22,2
DA:31,2
LF:6
LH:6
BRF:0
BRH:0
end_of_record
TN:
SF:models\servicetype.js
FN:3,(anonymous_0)
FN:10,(anonymous_1)
FNF:2
FNH:2
FNDA:2,(anonymous_0)
FNDA:2,(anonymous_1)
DA:2,2
DA:3,2
DA:12,2
DA:18,2
DA:27,2
LF:5
LH:5
BRF:0
BRH:0
end_of_record
TN:
SF:models\showcase.js
FN:3,(anonymous_0)
FN:10,(anonymous_1)
FNF:2
FNH:2
FNDA:2,(anonymous_0)
FNDA:2,(anonymous_1)
DA:2,2
DA:3,2
DA:12,2
DA:16,2
DA:20,2
DA:24,2
DA:28,2
DA:32,2
DA:36,2
DA:42,2
DA:55,2
LF:11
LH:11
BRF:0
BRH:0
end_of_record
TN:
SF:models\showcasejunkprojecttype.js
FN:3,(anonymous_0)
FN:10,(anonymous_1)
FNF:2
FNH:2
FNDA:2,(anonymous_0)
FNDA:2,(anonymous_1)
DA:2,2
DA:3,2
DA:12,2
DA:16,2
DA:22,2
DA:32,2
LF:6
LH:6
BRF:0
BRH:0
end_of_record
TN:
SF:models\showcasejunksection.js
FN:3,(anonymous_0)
FN:10,(anonymous_1)
FNF:2
FNH:2
FNDA:2,(anonymous_0)
FNDA:2,(anonymous_1)
DA:2,2
DA:3,2
DA:12,2
DA:16,2
DA:22,2
DA:32,2
LF:6
LH:6
BRF:0
BRH:0
end_of_record
TN:
SF:models\showcasejunkstyle.js
FN:3,(anonymous_0)
FN:10,(anonymous_1)
FNF:2
FNH:2
FNDA:2,(anonymous_0)
FNDA:2,(anonymous_1)
DA:2,2
DA:3,2
DA:12,2
DA:16,2
DA:22,2
DA:32,2
LF:6
LH:6
BRF:0
BRH:0
end_of_record
TN:
SF:models\showcasetype.js
FN:3,(anonymous_0)
FN:10,(anonymous_1)
FNF:2
FNH:2
FNDA:2,(anonymous_0)
FNDA:2,(anonymous_1)
DA:2,2
DA:3,2
DA:12,2
DA:18,2
DA:27,2
LF:5
LH:5
BRF:0
BRH:0
end_of_record
TN:
SF:models\style.js
FN:3,(anonymous_0)
FN:10,(anonymous_1)
FNF:2
FNH:2
FNDA:2,(anonymous_0)
FNDA:2,(anonymous_1)
DA:2,2
DA:3,2
DA:12,2
DA:16,2
DA:22,2
DA:31,2
LF:6
LH:6
BRF:0
BRH:0
end_of_record
TN:
SF:models\timeslot.js
FN:3,(anonymous_0)
FN:10,(anonymous_1)
FNF:2
FNH:2
FNDA:2,(anonymous_0)
FNDA:2,(anonymous_1)
DA:2,2
DA:3,2
DA:12,2
DA:18,2
DA:29,2
LF:5
LH:5
BRF:0
BRH:0
end_of_record
TN:
SF:models\user.js
FN:3,(anonymous_0)
FN:10,(anonymous_1)
FNF:2
FNH:2
FNDA:2,(anonymous_0)
FNDA:2,(anonymous_1)
DA:2,2
DA:3,2
DA:12,2
DA:16,2
DA:20,2
DA:24,2
DA:28,2
DA:34,2
DA:49,2
LF:9
LH:9
BRF:0
BRH:0
end_of_record
TN:
SF:routes\appointment.js
FNF:0
FNH:0
DA:1,2
DA:2,2
DA:3,2
DA:5,2
DA:6,2
DA:8,2
LF:6
LH:6
BRF:0
BRH:0
end_of_record
TN:
SF:routes\content.js
FNF:0
FNH:0
DA:12,2
DA:13,2
DA:14,2
DA:16,2
DA:17,2
DA:18,2
DA:19,2
DA:20,2
DA:21,2
DA:22,2
DA:23,2
DA:24,2
DA:25,2
DA:26,2
LF:14
LH:14
BRF:0
BRH:0
end_of_record
TN:
SF:routes\customer.js
FNF:0
FNH:0
DA:1,2
DA:2,2
DA:3,2
DA:5,2
DA:7,2
LF:5
LH:5
BRF:0
BRH:0
end_of_record
TN:
SF:routes\favorite.js
FNF:0
FNH:0
DA:1,2
DA:7,2
DA:8,2
DA:10,2
DA:11,2
DA:12,2
DA:14,2
LF:7
LH:7
BRF:0
BRH:0
end_of_record
TN:
SF:routes\index.js
FNF:0
FNH:0
DA:1,2
DA:2,2
DA:3,2
DA:4,2
DA:5,2
DA:6,2
DA:7,2
DA:8,2
DA:9,2
DA:10,2
DA:11,2
DA:13,2
DA:14,2
DA:15,2
DA:16,2
DA:17,2
DA:18,2
DA:19,2
DA:20,2
DA:21,2
DA:23,2
LF:21
LH:21
BRF:0
BRH:0
end_of_record
TN:
SF:routes\overview.js
FNF:0
FNH:0
DA:5,2
DA:6,2
DA:8,2
DA:10,2
DA:11,2
DA:12,2
DA:13,2
LF:7
LH:7
BRF:0
BRH:0
end_of_record
TN:
SF:routes\project.js
FNF:0
FNH:0
DA:1,2
DA:7,2
DA:8,2
DA:9,2
DA:11,2
DA:12,2
DA:18,2
DA:20,2
LF:8
LH:8
BRF:0
BRH:0
end_of_record
TN:
SF:routes\showcase.js
FNF:0
FNH:0
DA:1,2
DA:11,2
DA:12,2
DA:13,2
DA:14,2
DA:16,2
DA:17,2
DA:18,2
DA:19,2
DA:20,2
DA:21,2
DA:27,2
DA:33,2
DA:34,2
DA:36,2
LF:15
LH:15
BRF:0
BRH:0
end_of_record
TN:
SF:routes\timeslot.js
FNF:0
FNH:0
DA:1,2
DA:2,2
DA:3,2
DA:5,2
DA:6,2
DA:7,2
DA:9,2
LF:7
LH:7
BRF:0
BRH:0
end_of_record
TN:
SF:routes\user.js
FNF:0
FNH:0
DA:1,2
DA:10,2
DA:11,2
DA:12,2
DA:13,2
DA:17,2
DA:19,2
DA:20,2
DA:21,2
DA:22,2
DA:23,2
DA:24,2
DA:25,2
DA:27,2
DA:31,2
DA:39,2
DA:43,2
DA:51,2
LF:18
LH:18
BRF:0
BRH:0
end_of_record
